Flow report for cpu_design
Wed Aug 31 17:10:41 2022
Quartus II Version 9.0 Build 235 06/17/2009 Service Pack 2 SJ Web Edition


---------------------
; Table of Contents ;
---------------------
  1. Legal Notice
  2. Flow Summary
  3. Flow Settings
  4. Flow Non-Default Global Settings
  5. Flow Elapsed Time
  6. Flow OS Summary
  7. Flow Log



----------------
; Legal Notice ;
----------------
Copyright (C) 1991-2009 Altera Corporation
Your use of Altera Corporation's design tools, logic functions 
and other software and tools, and its AMPP partner logic 
functions, and any output files from any of the foregoing 
(including device programming or simulation files), and any 
associated documentation or information are expressly subject 
to the terms and conditions of the Altera Program License 
Subscription Agreement, Altera MegaCore Function License 
Agreement, or other applicable license agreement, including, 
without limitation, that your use is for the sole purpose of 
programming logic devices manufactured by Altera and sold by 
Altera or its authorized distributors.  Please refer to the 
applicable agreement for further details.



+------------------------------------------------------------------------+
; Flow Summary                                                           ;
+-------------------------+----------------------------------------------+
; Flow Status             ; Successful - Wed Aug 31 17:10:41 2022        ;
; Quartus II Version      ; 9.0 Build 235 06/17/2009 SP 2 SJ Web Edition ;
; Revision Name           ; cpu_design                                   ;
; Top-level Entity Name   ; cpu_design                                   ;
; Family                  ; MAX7000S                                     ;
; Device                  ; EPM7128SLC84-15                              ;
; Timing Models           ; Final                                        ;
; Met timing requirements ; Yes                                          ;
; Total macrocells        ; 33 / 128 ( 26 % )                            ;
; Total pins              ; 45 / 68 ( 66 % )                             ;
+-------------------------+----------------------------------------------+


+-----------------------------------------+
; Flow Settings                           ;
+-------------------+---------------------+
; Option            ; Setting             ;
+-------------------+---------------------+
; Start date & time ; 08/31/2022 17:10:37 ;
; Main task         ; Compilation         ;
; Revision Name     ; cpu_design          ;
+-------------------+---------------------+


+-----------------------------------------------------------------------------------------------------------------------------------------------------------------------------+
; Flow Non-Default Global Settings                                                                                                                                            ;
+------------------------------------+-----------------------------------------------------------------------------------------+---------------+-------------+----------------+
; Assignment Name                    ; Value                                                                                   ; Default Value ; Entity Name ; Section Id     ;
+------------------------------------+-----------------------------------------------------------------------------------------+---------------+-------------+----------------+
; COMPILER_SIGNATURE_ID              ; 39908814874934.166193703701192                                                          ; --            ; --          ; --             ;
; FITTER_EFFORT                      ; Standard Fit                                                                            ; Auto Fit      ; --          ; --             ;
; MISC_FILE                          ; C:/Documents and Settings/Administrator/桌面/计组课设文件/cpu_design/cpu_design.dpf     ; --            ; --          ; --             ;
; MISC_FILE                          ; C:/Users/86185/Desktop/8.25afternoon/计组课设文件/cpu_design/cpu_design.dpf             ; --            ; --          ; --             ;
; MISC_FILE                          ; C:/Users/86185/Desktop/final/计组课设文件/cpu_design/cpu_design.dpf                     ; --            ; --          ; --             ;
; MISC_FILE                          ; C:/Users/86185/Desktop/大学资料/大三上课程/final/计组课设文件/cpu_design/cpu_design.dpf ; --            ; --          ; --             ;
; OPTIMIZE_HOLD_TIMING               ; IO Paths and Minimum TPD Paths                                                          ; --            ; --          ; --             ;
; PARTITION_COLOR                    ; 16764057                                                                                ; --            ; --          ; Top            ;
; PARTITION_NETLIST_TYPE             ; SOURCE                                                                                  ; --            ; --          ; Top            ;
; USE_GENERATED_PHYSICAL_CONSTRAINTS ; Off                                                                                     ; --            ; --          ; eda_blast_fpga ;
+------------------------------------+-----------------------------------------------------------------------------------------+---------------+-------------+----------------+


+-----------------------------------------------------------------------------------------------------------------------------+
; Flow Elapsed Time                                                                                                           ;
+-------------------------+--------------+-------------------------+---------------------+------------------------------------+
; Module Name             ; Elapsed Time ; Average Processors Used ; Peak Virtual Memory ; Total CPU Time (on all processors) ;
+-------------------------+--------------+-------------------------+---------------------+------------------------------------+
; Analysis & Synthesis    ; 00:00:01     ; 1.0                     ; 246 MB              ; 00:00:01                           ;
; Fitter                  ; 00:00:00     ; 1.0                     ; 212 MB              ; 00:00:00                           ;
; Assembler               ; 00:00:00     ; 1.0                     ; 199 MB              ; 00:00:00                           ;
; Classic Timing Analyzer ; 00:00:00     ; 1.0                     ; 172 MB              ; 00:00:00                           ;
; Total                   ; 00:00:01     ; --                      ; --                  ; 00:00:01                           ;
+-------------------------+--------------+-------------------------+---------------------+------------------------------------+


+------------------------------------------------------------------------------------------+
; Flow OS Summary                                                                          ;
+-------------------------+------------------+---------------+------------+----------------+
; Module Name             ; Machine Hostname ; OS Name       ; OS Version ; Processor type ;
+-------------------------+------------------+---------------+------------+----------------+
; Analysis & Synthesis    ; CHOISZT          ; Windows Vista ; 6.2        ; x86_64         ;
; Fitter                  ; CHOISZT          ; Windows Vista ; 6.2        ; x86_64         ;
; Assembler               ; CHOISZT          ; Windows Vista ; 6.2        ; x86_64         ;
; Classic Timing Analyzer ; CHOISZT          ; Windows Vista ; 6.2        ; x86_64         ;
+-------------------------+------------------+---------------+------------+----------------+


------------
; Flow Log ;
------------
quartus_map --read_settings_files=on --write_settings_files=off cpu_design -c cpu_design
quartus_fit --read_settings_files=off --write_settings_files=off cpu_design -c cpu_design
quartus_asm --read_settings_files=off --write_settings_files=off cpu_design -c cpu_design
quartus_tan --read_settings_files=off --write_settings_files=off cpu_design -c cpu_design



