Fitter report for cpu_design
Wed Aug 31 17:10:39 2022
Quartus II Version 9.0 Build 235 06/17/2009 Service Pack 2 SJ Web Edition


---------------------
; Table of Contents ;
---------------------
  1. Legal Notice
  2. Fitter Summary
  3. Fitter Settings
  4. Parallel Compilation
  5. Pin-Out File
  6. Fitter Resource Usage Summary
  7. Input Pins
  8. Output Pins
  9. All Package Pins
 10. I/O Standard
 11. Dedicated Inputs I/O
 12. Output Pin Default Load For Reported TCO
 13. Fitter Resource Utilization by Entity
 14. Control Signals
 15. Global & Other Fast Signals
 16. Non-Global High Fan-Out Signals
 17. Interconnect Usage Summary
 18. LAB External Interconnect
 19. LAB Macrocells
 20. Parallel Expander
 21. Logic Cell Interconnection
 22. Fitter Device Options
 23. Fitter Messages



----------------
; Legal Notice ;
----------------
Copyright (C) 1991-2009 Altera Corporation
Your use of Altera Corporation's design tools, logic functions 
and other software and tools, and its AMPP partner logic 
functions, and any output files from any of the foregoing 
(including device programming or simulation files), and any 
associated documentation or information are expressly subject 
to the terms and conditions of the Altera Program License 
Subscription Agreement, Altera MegaCore Function License 
Agreement, or other applicable license agreement, including, 
without limitation, that your use is for the sole purpose of 
programming logic devices manufactured by Altera and sold by 
Altera or its authorized distributors.  Please refer to the 
applicable agreement for further details.



+----------------------------------------------------------------------+
; Fitter Summary                                                       ;
+-----------------------+----------------------------------------------+
; Fitter Status         ; Successful - Wed Aug 31 17:10:39 2022        ;
; Quartus II Version    ; 9.0 Build 235 06/17/2009 SP 2 SJ Web Edition ;
; Revision Name         ; cpu_design                                   ;
; Top-level Entity Name ; cpu_design                                   ;
; Family                ; MAX7000S                                     ;
; Device                ; EPM7128SLC84-15                              ;
; Timing Models         ; Final                                        ;
; Total macrocells      ; 33 / 128 ( 26 % )                            ;
; Total pins            ; 45 / 68 ( 66 % )                             ;
+-----------------------+----------------------------------------------+


+--------------------------------------------------------------------------------------+
; Fitter Settings                                                                      ;
+----------------------------------------------------+-----------------+---------------+
; Option                                             ; Setting         ; Default Value ;
+----------------------------------------------------+-----------------+---------------+
; Device                                             ; EPM7128SLC84-15 ;               ;
; Fitter Effort                                      ; Standard Fit    ; Auto Fit      ;
; Use smart compilation                              ; Off             ; Off           ;
; Use TimeQuest Timing Analyzer                      ; Off             ; Off           ;
; Optimize Timing for ECOs                           ; Off             ; Off           ;
; Regenerate full fit report during ECO compiles     ; Off             ; Off           ;
; Optimize IOC Register Placement for Timing         ; On              ; On            ;
; Limit to One Fitting Attempt                       ; Off             ; Off           ;
; Fitter Initial Placement Seed                      ; 1               ; 1             ;
; Slow Slew Rate                                     ; Off             ; Off           ;
; Force Fitter to Avoid Periphery Placement Warnings ; Off             ; Off           ;
+----------------------------------------------------+-----------------+---------------+


+------------------------------------------+
; Parallel Compilation                     ;
+----------------------------+-------------+
; Processors                 ; Number      ;
+----------------------------+-------------+
; Number detected on machine ; 8           ;
; Maximum allowed            ; 4           ;
;                            ;             ;
; Average used               ; 1.00        ;
; Maximum used               ; 1           ;
;                            ;             ;
; Usage by Processor         ; % Time Used ;
;     1 processor            ; 100.0%      ;
;     2-8 processors         ;   0.0%      ;
+----------------------------+-------------+


+--------------+
; Pin-Out File ;
+--------------+
The pin-out file can be found in C:/Users/86185/Desktop/大学资料/大三上课程/final/计组课设文件/cpu_design/cpu_design.pin.


+-------------------------------------------------------+
; Fitter Resource Usage Summary                         ;
+-----------------------------------+-------------------+
; Resource                          ; Usage             ;
+-----------------------------------+-------------------+
; Logic cells                       ; 33 / 128 ( 26 % ) ;
; Registers                         ; 1 / 128 ( < 1 % ) ;
; Number of pterms used             ; 98                ;
; User inserted logic elements      ; 0                 ;
; I/O pins                          ; 45 / 68 ( 66 % )  ;
;     -- Clock pins                 ; 2 / 2 ( 100 % )   ;
;     -- Dedicated input pins       ; 2 / 2 ( 100 % )   ;
; Global signals                    ; 2                 ;
; Shareable expanders               ; 0 / 128 ( 0 % )   ;
; Parallel expanders                ; 4 / 120 ( 3 % )   ;
; Cells using turbo bit             ; 33 / 128 ( 26 % ) ;
; Maximum fan-out node              ; SW[1]             ;
; Maximum fan-out                   ; 31                ;
; Highest non-global fan-out signal ; SW[1]             ;
; Highest non-global fan-out        ; 31                ;
; Total fan-out                     ; 283               ;
; Average fan-out                   ; 3.63              ;
+-----------------------------------+-------------------+


+---------------------------------------------------------------------------------------------------------------------------------------------+
; Input Pins                                                                                                                                  ;
+-------+-------+----------+-----+-----------------------+--------------------+--------+----------------+--------------+----------------------+
; Name  ; Pin # ; I/O Bank ; LAB ; Combinational Fan-Out ; Registered Fan-Out ; Global ; Input Register ; I/O Standard ; Location assigned by ;
+-------+-------+----------+-----+-----------------------+--------------------+--------+----------------+--------------+----------------------+
; C     ; 2     ; --       ; --  ; 6                     ; 0                  ; no     ; no             ; TTL          ; User                 ;
; CLR   ; 1     ; --       ; --  ; 1                     ; 0                  ; yes    ; no             ; TTL          ; User                 ;
; IR[4] ; 8     ; --       ; 1   ; 21                    ; 0                  ; no     ; no             ; TTL          ; User                 ;
; IR[5] ; 9     ; --       ; 1   ; 21                    ; 0                  ; no     ; no             ; TTL          ; User                 ;
; IR[6] ; 10    ; --       ; 1   ; 20                    ; 0                  ; no     ; no             ; TTL          ; User                 ;
; IR[7] ; 11    ; --       ; 1   ; 18                    ; 0                  ; no     ; no             ; TTL          ; User                 ;
; SW[0] ; 4     ; --       ; 1   ; 30                    ; 0                  ; no     ; no             ; TTL          ; User                 ;
; SW[1] ; 5     ; --       ; 1   ; 31                    ; 0                  ; no     ; no             ; TTL          ; User                 ;
; SW[2] ; 6     ; --       ; 1   ; 31                    ; 0                  ; no     ; no             ; TTL          ; User                 ;
; T3    ; 83    ; --       ; --  ; 1                     ; 0                  ; yes    ; no             ; TTL          ; User                 ;
; W[1]  ; 12    ; --       ; 1   ; 26                    ; 0                  ; no     ; no             ; TTL          ; User                 ;
; W[2]  ; 15    ; --       ; 2   ; 15                    ; 0                  ; no     ; no             ; TTL          ; User                 ;
; W[3]  ; 16    ; --       ; 2   ; 0                     ; 0                  ; no     ; no             ; TTL          ; User                 ;
; Z     ; 84    ; --       ; --  ; 4                     ; 0                  ; no     ; no             ; TTL          ; User                 ;
+-------+-------+----------+-----+-----------------------+--------------------+--------+----------------+--------------+----------------------+


+-----------------------------------------------------------------------------------------------------------------------------------------------+
; Output Pins                                                                                                                                   ;
+--------+-------+----------+-----+-----------------+----------------+------------+---------------+--------------+----------------------+-------+
; Name   ; Pin # ; I/O Bank ; LAB ; Output Register ; Slow Slew Rate ; Open Drain ; TRI Primitive ; I/O Standard ; Location assigned by ; Load  ;
+--------+-------+----------+-----+-----------------+----------------+------------+---------------+--------------+----------------------+-------+
; ABUS   ; 40    ; --       ; 4   ; no              ; no             ; no         ; no            ; TTL          ; User                 ; 10 pF ;
; ARINC  ; 24    ; --       ; 3   ; no              ; no             ; no         ; no            ; TTL          ; User                 ; 10 pF ;
; CIN    ; 33    ; --       ; 4   ; no              ; no             ; no         ; no            ; TTL          ; User                 ; 10 pF ;
; DRW    ; 20    ; --       ; 2   ; no              ; no             ; no         ; no            ; TTL          ; User                 ; 10 pF ;
; LAR    ; 25    ; --       ; 3   ; no              ; no             ; no         ; no            ; TTL          ; User                 ; 10 pF ;
; LDC    ; 31    ; --       ; 3   ; no              ; no             ; no         ; no            ; TTL          ; User                 ; 10 pF ;
; LDZ    ; 30    ; --       ; 3   ; no              ; no             ; no         ; no            ; TTL          ; User                 ; 10 pF ;
; LIR    ; 29    ; --       ; 3   ; no              ; no             ; no         ; no            ; TTL          ; User                 ; 10 pF ;
; LONG   ; 46    ; --       ; 5   ; no              ; no             ; no         ; no            ; TTL          ; User                 ; 10 pF ;
; LPC    ; 22    ; --       ; 2   ; no              ; no             ; no         ; no            ; TTL          ; User                 ; 10 pF ;
; M      ; 39    ; --       ; 4   ; no              ; no             ; no         ; no            ; TTL          ; User                 ; 10 pF ;
; MBUS   ; 44    ; --       ; 5   ; no              ; no             ; no         ; no            ; TTL          ; User                 ; 10 pF ;
; MEMW   ; 27    ; --       ; 3   ; no              ; no             ; no         ; no            ; TTL          ; User                 ; 10 pF ;
; PCADD  ; 18    ; --       ; 2   ; no              ; no             ; no         ; no            ; TTL          ; User                 ; 10 pF ;
; PCINC  ; 21    ; --       ; 2   ; no              ; no             ; no         ; no            ; TTL          ; User                 ; 10 pF ;
; SBUS   ; 41    ; --       ; 4   ; no              ; no             ; no         ; no            ; TTL          ; User                 ; 10 pF ;
; SELCTL ; 52    ; --       ; 5   ; no              ; no             ; no         ; no            ; TTL          ; User                 ; 10 pF ;
; SEL[0] ; 48    ; --       ; 5   ; no              ; no             ; no         ; no            ; TTL          ; User                 ; 10 pF ;
; SEL[1] ; 49    ; --       ; 5   ; no              ; no             ; no         ; no            ; TTL          ; User                 ; 10 pF ;
; SEL[2] ; 50    ; --       ; 5   ; no              ; no             ; no         ; no            ; TTL          ; User                 ; 10 pF ;
; SEL[3] ; 51    ; --       ; 5   ; no              ; no             ; no         ; no            ; TTL          ; User                 ; 10 pF ;
; SHORT  ; 45    ; --       ; 5   ; no              ; no             ; no         ; no            ; TTL          ; User                 ; 10 pF ;
; STOP   ; 28    ; --       ; 3   ; no              ; no             ; no         ; no            ; TTL          ; User                 ; 10 pF ;
; S[0]   ; 34    ; --       ; 4   ; no              ; no             ; no         ; no            ; TTL          ; User                 ; 10 pF ;
; S[1]   ; 35    ; --       ; 4   ; no              ; no             ; no         ; no            ; TTL          ; User                 ; 10 pF ;
; S[2]   ; 36    ; --       ; 4   ; no              ; no             ; no         ; no            ; TTL          ; User                 ; 10 pF ;
; S[3]   ; 37    ; --       ; 4   ; no              ; no             ; no         ; no            ; TTL          ; User                 ; 10 pF ;
+--------+-------+----------+-----+-----------------+----------------+------------+---------------+--------------+----------------------+-------+


+-------------------------------------------------------------------------------------------------------+
; All Package Pins                                                                                      ;
+----------+------------+----------+----------------+--------+--------------+---------+-----------------+
; Location ; Pad Number ; I/O Bank ; Pin Name/Usage ; Dir.   ; I/O Standard ; Voltage ; User Assignment ;
+----------+------------+----------+----------------+--------+--------------+---------+-----------------+
; 1        ; 0          ; --       ; CLR            ; input  ; TTL          ;         ; Y               ;
; 2        ; 1          ; --       ; C              ; input  ; TTL          ;         ; Y               ;
; 3        ; 2          ; --       ; VCCINT         ; power  ;              ; 5.0V    ;                 ;
; 4        ; 3          ; --       ; SW[0]          ; input  ; TTL          ;         ; Y               ;
; 5        ; 4          ; --       ; SW[1]          ; input  ; TTL          ;         ; Y               ;
; 6        ; 5          ; --       ; SW[2]          ; input  ; TTL          ;         ; Y               ;
; 7        ; 6          ; --       ; GND            ; gnd    ;              ;         ;                 ;
; 8        ; 7          ; --       ; IR[4]          ; input  ; TTL          ;         ; Y               ;
; 9        ; 8          ; --       ; IR[5]          ; input  ; TTL          ;         ; Y               ;
; 10       ; 9          ; --       ; IR[6]          ; input  ; TTL          ;         ; Y               ;
; 11       ; 10         ; --       ; IR[7]          ; input  ; TTL          ;         ; Y               ;
; 12       ; 11         ; --       ; W[1]           ; input  ; TTL          ;         ; Y               ;
; 13       ; 12         ; --       ; VCCIO          ; power  ;              ; 5.0V    ;                 ;
; 14       ; 13         ; --       ; TDI            ; input  ; TTL          ;         ; N               ;
; 15       ; 14         ; --       ; W[2]           ; input  ; TTL          ;         ; Y               ;
; 16       ; 15         ; --       ; W[3]           ; input  ; TTL          ;         ; Y               ;
; 17       ; 16         ; --       ; RESERVED       ;        ;              ;         ;                 ;
; 18       ; 17         ; --       ; PCADD          ; output ; TTL          ;         ; Y               ;
; 19       ; 18         ; --       ; GND            ; gnd    ;              ;         ;                 ;
; 20       ; 19         ; --       ; DRW            ; output ; TTL          ;         ; Y               ;
; 21       ; 20         ; --       ; PCINC          ; output ; TTL          ;         ; Y               ;
; 22       ; 21         ; --       ; LPC            ; output ; TTL          ;         ; Y               ;
; 23       ; 22         ; --       ; TMS            ; input  ; TTL          ;         ; N               ;
; 24       ; 23         ; --       ; ARINC          ; output ; TTL          ;         ; Y               ;
; 25       ; 24         ; --       ; LAR            ; output ; TTL          ;         ; Y               ;
; 26       ; 25         ; --       ; VCCIO          ; power  ;              ; 5.0V    ;                 ;
; 27       ; 26         ; --       ; MEMW           ; output ; TTL          ;         ; Y               ;
; 28       ; 27         ; --       ; STOP           ; output ; TTL          ;         ; Y               ;
; 29       ; 28         ; --       ; LIR            ; output ; TTL          ;         ; Y               ;
; 30       ; 29         ; --       ; LDZ            ; output ; TTL          ;         ; Y               ;
; 31       ; 30         ; --       ; LDC            ; output ; TTL          ;         ; Y               ;
; 32       ; 31         ; --       ; GND            ; gnd    ;              ;         ;                 ;
; 33       ; 32         ; --       ; CIN            ; output ; TTL          ;         ; Y               ;
; 34       ; 33         ; --       ; S[0]           ; output ; TTL          ;         ; Y               ;
; 35       ; 34         ; --       ; S[1]           ; output ; TTL          ;         ; Y               ;
; 36       ; 35         ; --       ; S[2]           ; output ; TTL          ;         ; Y               ;
; 37       ; 36         ; --       ; S[3]           ; output ; TTL          ;         ; Y               ;
; 38       ; 37         ; --       ; VCCIO          ; power  ;              ; 5.0V    ;                 ;
; 39       ; 38         ; --       ; M              ; output ; TTL          ;         ; Y               ;
; 40       ; 39         ; --       ; ABUS           ; output ; TTL          ;         ; Y               ;
; 41       ; 40         ; --       ; SBUS           ; output ; TTL          ;         ; Y               ;
; 42       ; 41         ; --       ; GND            ; gnd    ;              ;         ;                 ;
; 43       ; 42         ; --       ; VCCINT         ; power  ;              ; 5.0V    ;                 ;
; 44       ; 43         ; --       ; MBUS           ; output ; TTL          ;         ; Y               ;
; 45       ; 44         ; --       ; SHORT          ; output ; TTL          ;         ; Y               ;
; 46       ; 45         ; --       ; LONG           ; output ; TTL          ;         ; Y               ;
; 47       ; 46         ; --       ; GND            ; gnd    ;              ;         ;                 ;
; 48       ; 47         ; --       ; SEL[0]         ; output ; TTL          ;         ; Y               ;
; 49       ; 48         ; --       ; SEL[1]         ; output ; TTL          ;         ; Y               ;
; 50       ; 49         ; --       ; SEL[2]         ; output ; TTL          ;         ; Y               ;
; 51       ; 50         ; --       ; SEL[3]         ; output ; TTL          ;         ; Y               ;
; 52       ; 51         ; --       ; SELCTL         ; output ; TTL          ;         ; Y               ;
; 53       ; 52         ; --       ; VCCIO          ; power  ;              ; 5.0V    ;                 ;
; 54       ; 53         ; --       ; RESERVED       ;        ;              ;         ;                 ;
; 55       ; 54         ; --       ; RESERVED       ;        ;              ;         ;                 ;
; 56       ; 55         ; --       ; RESERVED       ;        ;              ;         ;                 ;
; 57       ; 56         ; --       ; RESERVED       ;        ;              ;         ;                 ;
; 58       ; 57         ; --       ; RESERVED       ;        ;              ;         ;                 ;
; 59       ; 58         ; --       ; GND            ; gnd    ;              ;         ;                 ;
; 60       ; 59         ; --       ; RESERVED       ;        ;              ;         ;                 ;
; 61       ; 60         ; --       ; RESERVED       ;        ;              ;         ;                 ;
; 62       ; 61         ; --       ; TCK            ; input  ; TTL          ;         ; N               ;
; 63       ; 62         ; --       ; RESERVED       ;        ;              ;         ;                 ;
; 64       ; 63         ; --       ; RESERVED       ;        ;              ;         ;                 ;
; 65       ; 64         ; --       ; RESERVED       ;        ;              ;         ;                 ;
; 66       ; 65         ; --       ; VCCIO          ; power  ;              ; 5.0V    ;                 ;
; 67       ; 66         ; --       ; RESERVED       ;        ;              ;         ;                 ;
; 68       ; 67         ; --       ; RESERVED       ;        ;              ;         ;                 ;
; 69       ; 68         ; --       ; RESERVED       ;        ;              ;         ;                 ;
; 70       ; 69         ; --       ; RESERVED       ;        ;              ;         ;                 ;
; 71       ; 70         ; --       ; TDO            ; output ; TTL          ;         ; N               ;
; 72       ; 71         ; --       ; GND            ; gnd    ;              ;         ;                 ;
; 73       ; 72         ; --       ; RESERVED       ;        ;              ;         ;                 ;
; 74       ; 73         ; --       ; RESERVED       ;        ;              ;         ;                 ;
; 75       ; 74         ; --       ; RESERVED       ;        ;              ;         ;                 ;
; 76       ; 75         ; --       ; RESERVED       ;        ;              ;         ;                 ;
; 77       ; 76         ; --       ; RESERVED       ;        ;              ;         ;                 ;
; 78       ; 77         ; --       ; VCCIO          ; power  ;              ; 5.0V    ;                 ;
; 79       ; 78         ; --       ; RESERVED       ;        ;              ;         ;                 ;
; 80       ; 79         ; --       ; RESERVED       ;        ;              ;         ;                 ;
; 81       ; 80         ; --       ; RESERVED       ;        ;              ;         ;                 ;
; 82       ; 81         ; --       ; GND            ; gnd    ;              ;         ;                 ;
; 83       ; 82         ; --       ; T3             ; input  ; TTL          ;         ; Y               ;
; 84       ; 83         ; --       ; Z              ; input  ; TTL          ;         ; Y               ;
+----------+------------+----------+----------------+--------+--------------+---------+-----------------+
Note: Pin directions (input, output or bidir) are based on device operating in user mode.


+--------------------------------------------------------------------------------------------------+
; I/O Standard                                                                                     ;
+--------------+------------+----------------------+-------------------+-------------------+-------+
; I/O Standard ; Input Vref ; Dedicated Input Pins ; Pins in I/O Bank1 ; Pins in I/O Bank2 ; Total ;
+--------------+------------+----------------------+-------------------+-------------------+-------+
; TTL          ; -          ; 4                    ; 0                 ; 0                 ; 4     ;
+--------------+------------+----------------------+-------------------+-------------------+-------+


+--------------------------------------------------------------------+
; Dedicated Inputs I/O                                               ;
+------+-------+-------+-------+--------------+------------+---------+
; Name ; Pin # ; Type  ; VCCIO ; I/O Standard ; Input Vref ; Current ;
+------+-------+-------+-------+--------------+------------+---------+
; C    ; 2     ; Input ; --    ; TTL          ; -          ; 0 mA    ;
; CLR  ; 1     ; Input ; --    ; TTL          ; -          ; 0 mA    ;
; T3   ; 83    ; Input ; --    ; TTL          ; -          ; 0 mA    ;
; Z    ; 84    ; Input ; --    ; TTL          ; -          ; 0 mA    ;
+------+-------+-------+-------+--------------+------------+---------+


+-----------------------------------------------+
; Output Pin Default Load For Reported TCO      ;
+--------------+-------+------------------------+
; I/O Standard ; Load  ; Termination Resistance ;
+--------------+-------+------------------------+
; 3.3-V LVTTL  ; 10 pF ; Not Available          ;
; 3.3-V LVCMOS ; 10 pF ; Not Available          ;
; TTL          ; 10 pF ; Not Available          ;
+--------------+-------+------------------------+
Note: User assignments will override these defaults. The user specified values are listed in the Output Pins and Bidir Pins tables.


+-------------------------------------------------------------------------------------+
; Fitter Resource Utilization by Entity                                               ;
+----------------------------+------------+------+---------------------+--------------+
; Compilation Hierarchy Node ; Macrocells ; Pins ; Full Hierarchy Name ; Library Name ;
+----------------------------+------------+------+---------------------+--------------+
; |cpu_design                ; 33         ; 45   ; |cpu_design         ; work         ;
+----------------------------+------------+------+---------------------+--------------+


+---------------------------------------------------------------------------------------------+
; Control Signals                                                                             ;
+------+----------+---------+--------------+--------+----------------------+------------------+
; Name ; Location ; Fan-Out ; Usage        ; Global ; Global Resource Used ; Global Line Name ;
+------+----------+---------+--------------+--------+----------------------+------------------+
; CLR  ; PIN_1    ; 1       ; Async. clear ; yes    ; On                   ; --               ;
; T3   ; PIN_83   ; 1       ; Clock        ; yes    ; On                   ; --               ;
+------+----------+---------+--------------+--------+----------------------+------------------+


+---------------------------------------------------------------------+
; Global & Other Fast Signals                                         ;
+------+----------+---------+----------------------+------------------+
; Name ; Location ; Fan-Out ; Global Resource Used ; Global Line Name ;
+------+----------+---------+----------------------+------------------+
; CLR  ; PIN_1    ; 1       ; On                   ; --               ;
; T3   ; PIN_83   ; 1       ; On                   ; --               ;
+------+----------+---------+----------------------+------------------+


+---------------------------------+
; Non-Global High Fan-Out Signals ;
+-------------+-------------------+
; Name        ; Fan-Out           ;
+-------------+-------------------+
; SW[2]       ; 31                ;
; SW[1]       ; 31                ;
; SW[0]       ; 30                ;
; W[1]        ; 26                ;
; ST0         ; 26                ;
; IR[5]       ; 21                ;
; IR[4]       ; 21                ;
; IR[6]       ; 20                ;
; IR[7]       ; 18                ;
; W[2]        ; 15                ;
; C           ; 6                 ;
; Z           ; 4                 ;
; Mux16~26    ; 1                 ;
; ~GND~0      ; 1                 ;
; Mux7~13     ; 1                 ;
; Mux16~22    ; 1                 ;
; Mux10~13    ; 1                 ;
; Mux16~18    ; 1                 ;
; Mux7~12     ; 1                 ;
; Mux16~17    ; 1                 ;
; Mux9~11     ; 1                 ;
; Mux3~9      ; 1                 ;
; Mux10~12    ; 1                 ;
; Mux18~5     ; 1                 ;
; Mux20~6     ; 1                 ;
; Mux24~7     ; 1                 ;
; Mux25~8     ; 1                 ;
; Mux0~8      ; 1                 ;
; Mux21~5     ; 1                 ;
; Mux22~9     ; 1                 ;
; Mux26~11    ; 1                 ;
; Mux17~10    ; 1                 ;
; Mux19~11    ; 1                 ;
; Mux1~6      ; 1                 ;
; Mux6~9      ; 1                 ;
; Mux23~4     ; 1                 ;
; Mux16~11    ; 1                 ;
; Mux11~7     ; 1                 ;
; Mux13~6     ; 1                 ;
; Mux14~5     ; 1                 ;
; Mux12~4     ; 1                 ;
; Mux5~9      ; 1                 ;
; Mux4~6      ; 1                 ;
; process_0~8 ; 1                 ;
+-------------+-------------------+


+------------------------------------------------+
; Interconnect Usage Summary                     ;
+----------------------------+-------------------+
; Interconnect Resource Type ; Usage             ;
+----------------------------+-------------------+
; Output enables             ; 0 / 6 ( 0 % )     ;
; PIA buffers                ; 35 / 288 ( 12 % ) ;
; PIAs                       ; 45 / 288 ( 16 % ) ;
+----------------------------+-------------------+


+----------------------------------------------------------------------------+
; LAB External Interconnect                                                  ;
+----------------------------------------------+-----------------------------+
; LAB External Interconnects  (Average = 5.63) ; Number of LABs  (Total = 4) ;
+----------------------------------------------+-----------------------------+
; 0                                            ; 4                           ;
; 1                                            ; 0                           ;
; 2                                            ; 0                           ;
; 3                                            ; 0                           ;
; 4                                            ; 0                           ;
; 5                                            ; 0                           ;
; 6                                            ; 0                           ;
; 7                                            ; 0                           ;
; 8                                            ; 0                           ;
; 9                                            ; 0                           ;
; 10                                           ; 1                           ;
; 11                                           ; 1                           ;
; 12                                           ; 2                           ;
+----------------------------------------------+-----------------------------+


+----------------------------------------------------------------------+
; LAB Macrocells                                                       ;
+----------------------------------------+-----------------------------+
; Number of Macrocells  (Average = 4.13) ; Number of LABs  (Total = 4) ;
+----------------------------------------+-----------------------------+
; 0                                      ; 4                           ;
; 1                                      ; 0                           ;
; 2                                      ; 0                           ;
; 3                                      ; 0                           ;
; 4                                      ; 0                           ;
; 5                                      ; 0                           ;
; 6                                      ; 0                           ;
; 7                                      ; 0                           ;
; 8                                      ; 3                           ;
; 9                                      ; 1                           ;
+----------------------------------------+-----------------------------+


+---------------------------------------------------------+
; Parallel Expander                                       ;
+--------------------------+------------------------------+
; Parallel Expander Length ; Number of Parallel Expanders ;
+--------------------------+------------------------------+
; 0                        ; 0                            ;
; 1                        ; 4                            ;
+--------------------------+------------------------------+


+------------------------------------------------------------------------------------------------------------------------------------------------------------------------------------------------------------------------------------------------------------------------------------------------------------------------------------------------+
; Logic Cell Interconnection                                                                                                                                                                                                                                                                                                                     ;
+-----+------------+----------------------------------------------------------------------------------+------------------------------------------------------------------------------------------------------------------------------------------------------------------------------------------------------------------------------------------+
; LAB ; Logic Cell ; Input                                                                            ; Output                                                                                                                                                                                                                                   ;
+-----+------------+----------------------------------------------------------------------------------+------------------------------------------------------------------------------------------------------------------------------------------------------------------------------------------------------------------------------------------+
;  B  ; LC23       ; Mux16~22, W[2], IR[7], SW[0], SW[1], SW[2], ST0, IR[4], IR[5], Z, C, W[1], IR[6] ; Mux16~26                                                                                                                                                                                                                                 ;
;  B  ; LC20       ; T3, CLR, W[2], SW[0], SW[2], SW[1], W[1], ST0                                    ; ST0, Mux12~4, Mux14~5, Mux13~6, Mux11~7, Mux16~11, Mux23~4, Mux6~9, Mux1~6, Mux19~11, Mux17~10, Mux26~11, Mux22~9, Mux21~5, Mux0~8, Mux25~8, Mux24~7, Mux20~6, Mux18~5, Mux10~12, Mux3~9, Mux9~11, Mux16~17, Mux7~12, Mux16~18, Mux16~22 ;
;  B  ; LC17       ; SW[0], SW[1], ST0, SW[2], W[1], IR[4], IR[5], IR[6], IR[7]                       ; LPC                                                                                                                                                                                                                                      ;
;  B  ; LC19       ; Mux16~18, W[2], IR[7], SW[0], SW[1], SW[2], ST0, IR[4], IR[5], Z, C, W[1], IR[6] ; PCINC                                                                                                                                                                                                                                    ;
;  B  ; LC21       ; SW[2], SW[0], SW[1], W[1], ST0, IR[4], IR[5], IR[6], IR[7], W[2]                 ; DRW                                                                                                                                                                                                                                      ;
;  B  ; LC24       ; IR[4], IR[5], Z, IR[6], IR[7], W[1], SW[0], SW[1], SW[2], ST0, C                 ; PCADD                                                                                                                                                                                                                                    ;
;  B  ; LC18       ; W[2], C, SW[0], SW[1], SW[2], ST0, IR[6], IR[4], IR[5]                           ; Mux16~11                                                                                                                                                                                                                                 ;
;  B  ; LC22       ; W[2], C, SW[0], SW[1], SW[2], ST0, IR[6], IR[4], IR[5]                           ; Mux16~17                                                                                                                                                                                                                                 ;
;  C  ; LC38       ; Mux16~17                                                                         ; LIR                                                                                                                                                                                                                                      ;
;  C  ; LC45       ; SW[2], W[1], SW[1], ST0, SW[0], IR[6], IR[7], IR[4], IR[5]                       ; LAR                                                                                                                                                                                                                                      ;
;  C  ; LC46       ; ST0, SW[2], W[1], SW[0], SW[1]                                                   ; ARINC                                                                                                                                                                                                                                    ;
;  C  ; LC43       ; SW[1], SW[2], ST0, W[1], SW[0], W[2], IR[6], IR[7], IR[4], IR[5]                 ; MEMW                                                                                                                                                                                                                                     ;
;  C  ; LC35       ; W[1], SW[0], SW[1], SW[2], ST0, IR[6], IR[4], IR[5], IR[7]                       ; LDC                                                                                                                                                                                                                                      ;
;  C  ; LC37       ; IR[4], IR[5], IR[6], W[1], SW[0], SW[1], SW[2], ST0, IR[7]                       ; LDZ                                                                                                                                                                                                                                      ;
;  C  ; LC40       ; Mux7~13, SW[0], SW[1], SW[2], ST0, W[1], IR[6], IR[7], IR[4], IR[5]              ; STOP                                                                                                                                                                                                                                     ;
;  C  ; LC39       ; SW[0], SW[1], SW[2]                                                              ; Mux7~12                                                                                                                                                                                                                                  ;
;  D  ; LC64       ; IR[6], IR[7], IR[4], IR[5], W[1], SW[0], SW[1], SW[2], ST0                       ; CIN                                                                                                                                                                                                                                      ;
;  D  ; LC49       ; SW[1], SW[2], SW[0], W[1], ST0                                                   ; SBUS                                                                                                                                                                                                                                     ;
;  D  ; LC61       ; W[1], SW[0], SW[1], SW[2], ST0, IR[6], IR[4], IR[5]                              ; S[0]                                                                                                                                                                                                                                     ;
;  D  ; LC57       ; W[1], SW[0], SW[1], SW[2], ST0, IR[7], IR[4], IR[5]                              ; S[2]                                                                                                                                                                                                                                     ;
;  D  ; LC59       ; W[2], IR[7], SW[0], SW[1], SW[2], ST0, IR[4], IR[6], IR[5], W[1]                 ; S[1]                                                                                                                                                                                                                                     ;
;  D  ; LC56       ; W[2], IR[7], IR[6], SW[0], SW[1], SW[2], ST0, IR[4], IR[5], W[1]                 ; S[3]                                                                                                                                                                                                                                     ;
;  D  ; LC53       ; W[2], IR[7], SW[0], SW[1], SW[2], ST0, IR[4], IR[6], IR[5], W[1]                 ; M                                                                                                                                                                                                                                        ;
;  D  ; LC51       ; W[2], IR[7], IR[4], SW[0], SW[1], SW[2], ST0, IR[6], IR[5], W[1]                 ; ABUS                                                                                                                                                                                                                                     ;
;  E  ; LC80       ; SW[0], SW[2], SW[1], W[1]                                                        ; SELCTL                                                                                                                                                                                                                                   ;
;  E  ; LC72       ; SW[2], SW[0], SW[1], W[1]                                                        ; SEL[0]                                                                                                                                                                                                                                   ;
;  E  ; LC77       ; SW[2], SW[0], SW[1], ST0, W[2]                                                   ; SEL[3]                                                                                                                                                                                                                                   ;
;  E  ; LC65       ; SW[0], SW[2], ST0, W[1], SW[1], IR[4], IR[5], W[2], IR[6], IR[7]                 ; MBUS                                                                                                                                                                                                                                     ;
;  E  ; LC66       ; SW[0], SW[2], W[1], SW[1]                                                        ; Mux10~12                                                                                                                                                                                                                                 ;
;  E  ; LC67       ; Mux10~13, ST0, SW[2], W[1], SW[1], C, IR[5], IR[7], IR[4], IR[6], Z              ; SHORT                                                                                                                                                                                                                                    ;
;  E  ; LC73       ; W[1], SW[2], SW[0], SW[1], ST0, W[2]                                             ; SEL[1]                                                                                                                                                                                                                                   ;
;  E  ; LC69       ;                                                                                  ; LONG                                                                                                                                                                                                                                     ;
;  E  ; LC75       ; W[2], SW[2], SW[0], SW[1]                                                        ; SEL[2]                                                                                                                                                                                                                                   ;
+-----+------------+----------------------------------------------------------------------------------+------------------------------------------------------------------------------------------------------------------------------------------------------------------------------------------------------------------------------------------+


+---------------------------------------------------------------+
; Fitter Device Options                                         ;
+----------------------------------------------+----------------+
; Option                                       ; Setting        ;
+----------------------------------------------+----------------+
; Enable user-supplied start-up clock (CLKUSR) ; Off            ;
; Enable device-wide reset (DEV_CLRn)          ; Off            ;
; Enable device-wide output enable (DEV_OE)    ; Off            ;
; Enable INIT_DONE output                      ; Off            ;
; Configuration scheme                         ; Passive Serial ;
; Security bit                                 ; Off            ;
; Base pin-out file on sameframe device        ; Off            ;
+----------------------------------------------+----------------+


+-----------------+
; Fitter Messages ;
+-----------------+
Info: *******************************************************************
Info: Running Quartus II Fitter
    Info: Version 9.0 Build 235 06/17/2009 Service Pack 2 SJ Web Edition
    Info: Processing started: Wed Aug 31 17:10:39 2022
Info: Command: quartus_fit --read_settings_files=off --write_settings_files=off cpu_design -c cpu_design
Info: Parallel compilation is enabled and will use 4 of the 8 processors detected
Info: Selected device EPM7128SLC84-15 for design "cpu_design"
Warning: Ignored locations or region assignments to the following nodes
    Warning: Node "SEL2" is assigned to location or region, but does not exist in design
Warning: Macrocell buffer inserted after node "Mux16~17"
Info: Quartus II Fitter was successful. 0 errors, 3 warnings
    Info: Peak virtual memory: 237 megabytes
    Info: Processing ended: Wed Aug 31 17:10:39 2022
    Info: Elapsed time: 00:00:00
    Info: Total CPU time (on all processors): 00:00:00


