1638523693992	geckodriver	INFO	Listening on 127.0.0.1:55713
1638523697139	mozrunner::runner	INFO	Running command: "C:\\Program Files\\Mozilla Firefox\\firefox.exe" "--marionette" "--remote-debugging-port" "55714" "-no-remote" "-profile" "C:\\Users\\13911\\AppData\\Local\\Temp\\rust_mozprofileC8Cjxj"
1638523697652	Marionette	INFO	Marionette enabled
console.warn: SearchSettings: "get: No settings file exists, new profile?" (new NotFoundError("Could not open the file at C:\\Users\\13911\\AppData\\Local\\Temp\\rust_mozprofileC8Cjxj\\search.json.mozlz4", (void 0)))
DevTools listening on ws://localhost:55714/devtools/browser/96bb7cfc-6536-43ca-b810-c9a260c7871f
1638523701164	Marionette	INFO	Listening on port 55719
1638523701347	RemoteAgent	WARN	TLS certificate errors will be ignored for this session
1638523850351	Marionette	INFO	Stopped listening on port 55719
console.warn: TopSitesFeed: Failed to fetch data from Contile server: NetworkError when attempting to fetch resource.
JavaScript error: chrome://remote/content/marionette/cert.js, line 55: NS_ERROR_NOT_AVAILABLE: Component returned failure code: 0x80040111 (NS_ERROR_NOT_AVAILABLE) [nsICertOverrideService.setDisableAllSecurityChecksAndLetAttackersInterceptMyData]
 NotFoundError("Could not open the file at C:\\Users\\13911\\AppData\\Local\\Temp\\rust_mozprofileva0vhm\\search.json.mozlz4", (void 0)))
DevTools listening on ws://localhost:55747/devtools/browser/c031c7c4-b537-4180-b59a-eb586dacd115
1638523707831	Marionette	INFO	Listening on port 55757
1638523708140	RemoteAgent	WARN	TLS certificate errors will be ignored for this session
1638523845681	Marionette	INFO	Stopped listening on port 55757
console.warn: TopSitesFeed: Failed to fetch data from Contile server: NetworkError when attempting to fetch resource.
JavaScript error: chrome://remote/content/marionette/cert.js, line 55: NS_ERROR_NOT_AVAILABLE: Component returned failure code: 0x80040111 (NS_ERROR_NOT_AVAILABLE) [nsICertOverrideService.setDisableAllSecurityChecksAndLetAttackersInterceptMyData]
1638523941718	geckodriver	INFO	Listening on 127.0.0.1:55863
1638523944898	mozrunner::runner	INFO	Running command: "C:\\Program Files\\Mozilla Firefox\\firefox.exe" "--marionette" "--remote-debugging-port" "55864" "-no-remote" "-profile" "C:\\Users\\13911\\AppData\\Local\\Temp\\rust_mozprofileuXzIgn"
1638523946345	Marionette	INFO	Marionette enabled
console.warn: SearchSettings: "get: No settings file exists, new profile?" (new NotFoundError("Could not open the file at C:\\Users\\13911\\AppData\\Local\\Temp\\rust_mozprofileuXzIgn\\search.json.mozlz4", (void 0)))
DevTools listening on ws://localhost:55864/devtools/browser/087f0738-b20a-43e2-a2cb-1c9eb1ed6759
1638523952295	Marionette	INFO	Listening on port 55869
1638523952738	RemoteAgent	WARN	TLS certificate errors will be ignored for this session
1638524207391	Marionette	INFO	Stopped listening on port 55869
console.warn: TopSitesFeed: Failed to fetch data from Contile server: NetworkError when attempting to fetch resource.
JavaScript error: chrome://remote/content/marionette/cert.js, line 55: NS_ERROR_NOT_AVAILABLE: Component returned failure code: 0x80040111 (NS_ERROR_NOT_AVAILABLE) [nsICertOverrideService.setDisableAllSecurityChecksAndLetAttackersInterceptMyData]

###!!! [Parent][RunMessage] Error: Channel closing: too late to send/recv, messages will be lost

BN\\search.json.mozlz4", (void 0)))
DevTools listening on ws://localhost:55899/devtools/browser/fa281507-fb72-4156-b224-839042140fe3
1638523962835	Marionette	INFO	Listening on port 55909
1638523963140	RemoteAgent	WARN	TLS certificate errors will be ignored for this session
1638524204740	Marionette	INFO	Stopped listening on port 55909
console.warn: TopSitesFeed: Failed to fetch data from Contile server: NetworkError when attempting to fetch resource.
JavaScript error: chrome://remote/content/marionette/cert.js, line 55: NS_ERROR_NOT_AVAILABLE: Component returned failure code: 0x80040111 (NS_ERROR_NOT_AVAILABLE) [nsICertOverrideService.setDisableAllSecurityChecksAndLetAttackersInterceptMyData]
1638524783596	geckodriver	INFO	Listening on 127.0.0.1:56423
1638524786667	mozrunner::runner	INFO	Running command: "C:\\Program Files\\Mozilla Firefox\\firefox.exe" "--marionette" "--remote-debugging-port" "56424" "-no-remote" "-profile" "C:\\Users\\13911\\AppData\\Local\\Temp\\rust_mozprofilelAKtkE"
1638524786928	Marionette	INFO	Marionette enabled
console.warn: SearchSettings: "get: No settings file exists, new profile?" (new NotFoundError("Could not open the file at C:\\Users\\13911\\AppData\\Local\\Temp\\rust_mozprofilelAKtkE\\search.json.mozlz4", (void 0)))
DevTools listening on ws://localhost:56424/devtools/browser/483fe8f2-2f65-46aa-8644-abdd10971ec8
1638524788927	Marionette	INFO	Listening on port 56429
1638524789340	RemoteAgent	WARN	TLS certificate errors will be ignored for this session
1638525031198	Marionette	INFO	Stopped listening on port 56429
console.warn: TopSitesFeed: Failed to fetch data from Contile server: NetworkError when attempting to fetch resource.
JavaScript error: chrome://remote/content/marionette/cert.js, line 55: NS_ERROR_NOT_AVAILABLE: Component returned failure code: 0x80040111 (NS_ERROR_NOT_AVAILABLE) [nsICertOverrideService.setDisableAllSecurityChecksAndLetAttackersInterceptMyData]

###!!! [Parent][RunMessage] Error: Channel closing: too late to send/recv, messages will be lost

5K\\search.json.mozlz4", (void 0)))
DevTools listening on ws://localhost:56453/devtools/browser/182b4ac9-5d20-4d49-9403-e76ca78c49f7
1638524794583	Marionette	INFO	Listening on port 56467
1638524795087	RemoteAgent	WARN	TLS certificate errors will be ignored for this session
1638525032803	Marionette	INFO	Stopped listening on port 56467
console.warn: TopSitesFeed: Failed to fetch data from Contile server: NetworkError when attempting to fetch resource.
JavaScript error: chrome://remote/content/marionette/cert.js, line 55: NS_ERROR_NOT_AVAILABLE: Component returned failure code: 0x80040111 (NS_ERROR_NOT_AVAILABLE) [nsICertOverrideService.setDisableAllSecurityChecksAndLetAttackersInterceptMyData]
1638582392600	geckodriver	INFO	Listening on 127.0.0.1:57884
1638582395662	mozrunner::runner	INFO	Running command: "C:\\Program Files\\Mozilla Firefox\\firefox.exe" "--marionette" "--remote-debugging-port" "57885" "-no-remote" "-profile" "C:\\Users\\13911\\AppData\\Local\\Temp\\rust_mozprofilewVHPZg"
1638582395949	Marionette	INFO	Marionette enabled
console.warn: SearchSettings: "get: No settings file exists, new profile?" (new NotFoundError("Could not open the file at C:\\Users\\13911\\AppData\\Local\\Temp\\rust_mozprofilewVHPZg\\search.json.mozlz4", (void 0)))
DevTools listening on ws://localhost:57885/devtools/browser/6d916f3b-766d-45aa-94d4-245f788676ff
1638582399159	Marionette	INFO	Listening on port 57890
1638582399385	RemoteAgent	WARN	TLS certificate errors will be ignored for this session
console.log: WebExtensions: reset-default-search: starting.
console.log: WebExtensions: reset-default-search: No addons in our list are installed.
1638583416143	Marionette	INFO	Stopped listening on port 57890
console.warn: TopSitesFeed: Failed to fetch data from Contile server: NetworkError when attempting to fetch resource.

###!!! [Parent][RunMessage] Error: Channel closing: too late to send/recv, messages will be lost

tFoundError("Could not open the file at C:\\Users\\13911\\AppData\\Local\\Temp\\rust_mozprofilesMWhy1\\search.json.mozlz4", (void 0)))
DevTools listening on ws://localhost:57917/devtools/browser/51c7a674-5952-432f-9d76-39a2711f44f8
1638582405977	Marionette	INFO	Listening on port 57928
1638582406203	RemoteAgent	WARN	TLS certificate errors will be ignored for this session
console.log: WebExtensions: reset-default-search: starting.
console.log: WebExtensions: reset-default-search: No addons in our list are installed.
1638583414830	Marionette	INFO	Stopped listening on port 57928
console.warn: TopSitesFeed: Failed to fetch data from Contile server: NetworkError when attempting to fetch resource.
Marionette enabled
console.warn: SearchSettings: "get: No settings file exists, new profile?" (new NotFoundError("Could not open the file at C:\\Users\\13911\\AppData\\Local\\Temp\\rust_mozprofileCgbkq5\\search.json.mozlz4", (void 0)))
DevTools listening on ws://localhost:57960/devtools/browser/3f0540ea-f3b1-400c-aae8-dc8dd89664e3
1638582412813	Marionette	INFO	Listening on port 57975
1638582413032	RemoteAgent	WARN	TLS certificate errors will be ignored for this session
1638582570055	Marionette	INFO	Stopped listening on port 57975
8582416110	mozrunner::runner	INFO	Running command: "C:\\Program Files\\Mozilla Firefox\\firefox.exe" "--marionette" "--remote-debugging-port" "58015" "-no-remote" "-profile" "C:\\Users\\13911\\AppData\\Local\\Temp\\rust_mozprofileY9AuQV"
1638582416410	Marionette	INFO	Marionette enabled
console.warn: SearchSettings: "get: No settings file exists, new profile?" (new NotFoundError("Could not open the file at C:\\Users\\13911\\AppData\\Local\\Temp\\rust_mozprofileY9AuQV\\search.json.mozlz4", (void 0)))
DevTools listening on ws://localhost:58015/devtools/browser/14761b54-f4dd-4d93-ae4e-e2e0bd0ebe1a
1638582419761	Marionette	INFO	Listening on port 58030
1638582419825	RemoteAgent	WARN	TLS certificate errors will be ignored for this session
JavaScript error: https://scc.pku.edu.cn/resources/js/template-util.js, line 15: ReferenceError: $ is not defined
JavaScript error: https://scc.pku.edu.cn/resources/js/template-util.js, line 15: ReferenceError: $ is not defined
JavaScript error: https://scc.pku.edu.cn/resources/js/template-util.js, line 15: ReferenceError: $ is not defined
JavaScript error: https://scc.pku.edu.cn/resources/js/template-util.js, line 15: ReferenceError: $ is not defined
JavaScript error: https://scc.pku.edu.cn/resources/js/template-util.js, line 15: ReferenceError: $ is not defined
JavaScript error: https://scc.pku.edu.cn/resources/js/template-util.js, line 15: ReferenceError: $ is not defined
JavaScript error: https://scc.pku.edu.cn/resources/js/template-util.js, line 15: ReferenceError: $ is not defined
JavaScript error: https://scc.pku.edu.cn/resources/js/template-util.js, line 15: ReferenceError: $ is not defined
JavaScript error: https://scc.pku.edu.cn/resources/js/template-util.js, line 15: ReferenceError: $ is not defined
JavaScript error: https://scc.pku.edu.cn/resources/js/template-util.js, line 15: ReferenceError: $ is not defined
JavaScript error: https://scc.pku.edu.cn/resources/js/template-util.js, line 15: ReferenceError: $ is not defined
JavaScript error: https://scc.pku.edu.cn/resources/js/template-util.js, line 15: ReferenceError: $ is not defined
JavaScript error: https://scc.pku.edu.cn/resources/js/template-util.js, line 15: ReferenceError: $ is not defined
JavaScript error: https://scc.pku.edu.cn/resources/js/template-util.js, line 15: ReferenceError: $ is not defined
JavaScript error: https://scc.pku.edu.cn/resources/js/template-util.js, line 15: ReferenceError: $ is not defined
JavaScript error: https://scc.pku.edu.cn/resources/js/template-util.js, line 15: ReferenceError: $ is not defined
JavaScript error: https://scc.pku.edu.cn/resources/js/template-util.js, line 15: ReferenceError: $ is not defined
JavaScript error: https://scc.pku.edu.cn/resources/js/template-util.js, line 15: ReferenceError: $ is not defined
JavaScript error: https://scc.pku.edu.cn/resources/js/template-util.js, line 15: ReferenceError: $ is not defined
JavaScript error: https://scc.pku.edu.cn/resources/js/template-util.js, line 15: ReferenceError: $ is not defined
JavaScript error: https://scc.pku.edu.cn/resources/js/template-util.js, line 15: ReferenceError: $ is not defined
JavaScript error: https://scc.pku.edu.cn/resources/js/template-util.js, line 15: ReferenceError: $ is not defined
1638582570486	Marionette	INFO	Stopped listening on port 58030
1638583842838	geckodriver	INFO	Listening on 127.0.0.1:58413
1638583845903	mozrunner::runner	INFO	Running command: "C:\\Program Files\\Mozilla Firefox\\firefox.exe" "--marionette" "--remote-debugging-port" "58414" "-no-remote" "-profile" "C:\\Users\\13911\\AppData\\Local\\Temp\\rust_mozprofileudUnF0"
1638583846212	Marionette	INFO	Marionette enabled
console.warn: SearchSettings: "get: No settings file exists, new profile?" (new NotFoundError("Could not open the file at C:\\Users\\13911\\AppData\\Local\\Temp\\rust_mozprofileudUnF0\\search.json.mozlz4", (void 0)))
DevTools listening on ws://localhost:58414/devtools/browser/3a0f8123-828e-4b75-abcc-51b72778e7f8
1638583849434	Marionette	INFO	Listening on port 58419
1638583849610	RemoteAgent	WARN	TLS certificate errors will be ignored for this session
console.log: WebExtensions: reset-default-search: starting.
console.log: WebExtensions: reset-default-search: No addons in our list are installed.
1638584906763	Marionette	INFO	Stopped listening on port 58419
console.warn: TopSitesFeed: Failed to fetch data from Contile server: NetworkError when attempting to fetch resource.
Marionette enabled
console.warn: SearchSettings: "get: No settings file exists, new profile?" (new NotFoundError("Could not open the file at C:\\Users\\13911\\AppData\\Local\\Temp\\rust_mozprofileTUtfQm\\search.json.mozlz4", (void 0)))
DevTools listening on ws://localhost:58446/devtools/browser/90bcb211-a580-4fa2-a34b-3dbaced1f697
1638583856371	Marionette	INFO	Listening on port 58460
1638583856419	RemoteAgent	WARN	TLS certificate errors will be ignored for this session
console.log: WebExtensions: reset-default-search: starting.
console.log: WebExtensions: reset-default-search: No addons in our list are installed.
1638584906737	Marionette	INFO	Stopped listening on port 58460
console.warn: TopSitesFeed: Failed to fetch data from Contile server: NetworkError when attempting to fetch resource.
Marionette enabled
console.warn: SearchSettings: "get: No settings file exists, new profile?" (new NotFoundError("Could not open the file at C:\\Users\\13911\\AppData\\Local\\Temp\\rust_mozprofiley0dgKi\\search.json.mozlz4", (void 0)))
DevTools listening on ws://localhost:58489/devtools/browser/e6cc2698-fa21-4e65-8a0f-693d6aac359f
1638583863647	Marionette	INFO	Listening on port 58502
1638583863750	RemoteAgent	WARN	TLS certificate errors will be ignored for this session
1638584020339	Marionette	INFO	Stopped listening on port 58502
8583866866	mozrunner::runner	INFO	Running command: "C:\\Program Files\\Mozilla Firefox\\firefox.exe" "--marionette" "--remote-debugging-port" "58536" "-no-remote" "-profile" "C:\\Users\\13911\\AppData\\Local\\Temp\\rust_mozprofile5Kj0ah"
1638583867360	Marionette	INFO	Marionette enabled
console.warn: SearchSettings: "get: No settings file exists, new profile?" (new NotFoundError("Could not open the file at C:\\Users\\13911\\AppData\\Local\\Temp\\rust_mozprofile5Kj0ah\\search.json.mozlz4", (void 0)))
DevTools listening on ws://localhost:58536/devtools/browser/3c492252-7975-4710-abf0-6943f8c41300
1638583872216	Marionette	INFO	Listening on port 58558
1638583872701	RemoteAgent	WARN	TLS certificate errors will be ignored for this session
JavaScript error: https://scc.pku.edu.cn/resources/js/template-util.js, line 15: ReferenceError: $ is not defined
JavaScript error: https://scc.pku.edu.cn/resources/js/template-util.js, line 15: ReferenceError: $ is not defined
JavaScript error: https://scc.pku.edu.cn/resources/js/template-util.js, line 15: ReferenceError: $ is not defined
JavaScript error: https://scc.pku.edu.cn/resources/js/template-util.js, line 15: ReferenceError: $ is not defined
JavaScript error: https://scc.pku.edu.cn/resources/js/template-util.js, line 15: ReferenceError: $ is not defined
JavaScript error: https://scc.pku.edu.cn/resources/js/template-util.js, line 15: ReferenceError: $ is not defined
JavaScript error: https://scc.pku.edu.cn/resources/js/template-util.js, line 15: ReferenceError: $ is not defined
JavaScript error: https://scc.pku.edu.cn/resources/js/template-util.js, line 15: ReferenceError: $ is not defined
JavaScript error: https://scc.pku.edu.cn/resources/js/template-util.js, line 15: ReferenceError: $ is not defined
JavaScript error: https://scc.pku.edu.cn/resources/js/template-util.js, line 15: ReferenceError: $ is not defined
JavaScript error: https://scc.pku.edu.cn/resources/js/template-util.js, line 15: ReferenceError: $ is not defined
JavaScript error: https://scc.pku.edu.cn/resources/js/template-util.js, line 15: ReferenceError: $ is not defined
JavaScript error: https://scc.pku.edu.cn/resources/js/template-util.js, line 15: ReferenceError: $ is not defined
JavaScript error: https://scc.pku.edu.cn/resources/js/template-util.js, line 15: ReferenceError: $ is not defined
JavaScript error: https://scc.pku.edu.cn/resources/js/template-util.js, line 15: ReferenceError: $ is not defined
JavaScript error: https://scc.pku.edu.cn/resources/js/template-util.js, line 15: ReferenceError: $ is not defined
JavaScript error: https://scc.pku.edu.cn/resources/js/template-util.js, line 15: ReferenceError: $ is not defined
JavaScript error: https://scc.pku.edu.cn/resources/js/template-util.js, line 15: ReferenceError: $ is not defined
JavaScript error: https://scc.pku.edu.cn/resources/js/template-util.js, line 15: ReferenceError: $ is not defined
JavaScript error: https://scc.pku.edu.cn/resources/js/template-util.js, line 15: ReferenceError: $ is not defined
JavaScript error: https://scc.pku.edu.cn/resources/js/template-util.js, line 15: ReferenceError: $ is not defined
JavaScript error: https://scc.pku.edu.cn/resources/js/template-util.js, line 15: ReferenceError: $ is not defined
1638584020935	Marionette	INFO	Stopped listening on port 58558

###!!! [Parent][RunMessage] Error: Channel closing: too late to send/recv, messages will be lost

1638584358095	geckodriver	INFO	Listening on 127.0.0.1:58802
1638584361141	mozrunner::runner	INFO	Running command: "C:\\Program Files\\Mozilla Firefox\\firefox.exe" "--marionette" "--remote-debugging-port" "58803" "-no-remote" "-profile" "C:\\Users\\13911\\AppData\\Local\\Temp\\rust_mozprofileOR6pQU"
1638584361627	Marionette	INFO	Marionette enabled
console.warn: SearchSettings: "get: No settings file exists, new profile?" (new NotFoundError("Could not open the file at C:\\Users\\13911\\AppData\\Local\\Temp\\rust_mozprofileOR6pQU\\search.json.mozlz4", (void 0)))
DevTools listening on ws://localhost:58803/devtools/browser/07fcaa54-cd2b-490f-91d1-b182e263ebb4
1638584366527	Marionette	INFO	Listening on port 58809
1638584366953	RemoteAgent	WARN	TLS certificate errors will be ignored for this session
console.log: WebExtensions: reset-default-search: starting.
console.log: WebExtensions: reset-default-search: No addons in our list are installed.
1638584906709	Marionette	INFO	Stopped listening on port 58809
console.warn: TopSitesFeed: Failed to fetch data from Contile server: NetworkError when attempting to fetch resource.
Marionette enabled
console.warn: SearchSettings: "get: No settings file exists, new profile?" (new NotFoundError("Could not open the file at C:\\Users\\13911\\AppData\\Local\\Temp\\rust_mozprofile8QscW6\\search.json.mozlz4", (void 0)))
DevTools listening on ws://localhost:58841/devtools/browser/23565b57-c74d-4779-9fa1-b5d3b6b81f8f
1638584375030	Marionette	INFO	Listening on port 58852
1638584375433	RemoteAgent	WARN	TLS certificate errors will be ignored for this session
console.log: WebExtensions: reset-default-search: starting.
console.log: WebExtensions: reset-default-search: No addons in our list are installed.
1638584906700	Marionette	INFO	Stopped listening on port 58852
console.warn: TopSitesFeed: Failed to fetch data from Contile server: NetworkError when attempting to fetch resource.
Marionette enabled
console.warn: SearchSettings: "get: No settings file exists, new profile?" (new NotFoundError("Could not open the file at C:\\Users\\13911\\AppData\\Local\\Temp\\rust_mozprofileMuOzXU\\search.json.mozlz4", (void 0)))
DevTools listening on ws://localhost:58885/devtools/browser/923f4d31-ffa9-420c-b03b-f9bd60a19a3e
1638584387209	Marionette	INFO	Listening on port 58902
1638584387357	RemoteAgent	WARN	TLS certificate errors will be ignored for this session
1638584526876	Marionette	INFO	Stopped listening on port 58902
8584390521	mozrunner::runner	INFO	Running command: "C:\\Program Files\\Mozilla Firefox\\firefox.exe" "--marionette" "--remote-debugging-port" "58942" "-no-remote" "-profile" "C:\\Users\\13911\\AppData\\Local\\Temp\\rust_mozprofilegS8EWO"
1638584391605	Marionette	INFO	Marionette enabled
console.warn: SearchSettings: "get: No settings file exists, new profile?" (new NotFoundError("Could not open the file at C:\\Users\\13911\\AppData\\Local\\Temp\\rust_mozprofilegS8EWO\\search.json.mozlz4", (void 0)))
DevTools listening on ws://localhost:58942/devtools/browser/a48c2e2b-e367-46ca-9af1-0bdb82d55627
1638584399342	Marionette	INFO	Listening on port 58960
1638584399650	RemoteAgent	WARN	TLS certificate errors will be ignored for this session
JavaScript error: https://scc.pku.edu.cn/resources/js/template-util.js, line 15: ReferenceError: $ is not defined
JavaScript error: https://scc.pku.edu.cn/resources/js/template-util.js, line 15: ReferenceError: $ is not defined
JavaScript error: https://scc.pku.edu.cn/resources/js/template-util.js, line 15: ReferenceError: $ is not defined
JavaScript error: https://scc.pku.edu.cn/resources/js/template-util.js, line 15: ReferenceError: $ is not defined
JavaScript error: https://scc.pku.edu.cn/resources/js/template-util.js, line 15: ReferenceError: $ is not defined
JavaScript error: https://scc.pku.edu.cn/resources/js/template-util.js, line 15: ReferenceError: $ is not defined
JavaScript error: https://scc.pku.edu.cn/resources/js/template-util.js, line 15: ReferenceError: $ is not defined
JavaScript error: https://scc.pku.edu.cn/resources/js/template-util.js, line 15: ReferenceError: $ is not defined
JavaScript error: https://scc.pku.edu.cn/resources/js/template-util.js, line 15: ReferenceError: $ is not defined
JavaScript error: https://scc.pku.edu.cn/resources/js/template-util.js, line 15: ReferenceError: $ is not defined
JavaScript error: https://scc.pku.edu.cn/resources/js/template-util.js, line 15: ReferenceError: $ is not defined
JavaScript error: https://scc.pku.edu.cn/resources/js/template-util.js, line 15: ReferenceError: $ is not defined
JavaScript error: https://scc.pku.edu.cn/resources/js/template-util.js, line 15: ReferenceError: $ is not defined
JavaScript error: https://scc.pku.edu.cn/resources/js/template-util.js, line 15: ReferenceError: $ is not defined
JavaScript error: https://scc.pku.edu.cn/resources/js/template-util.js, line 15: ReferenceError: $ is not defined
JavaScript error: https://scc.pku.edu.cn/resources/js/template-util.js, line 15: ReferenceError: $ is not defined
JavaScript error: https://scc.pku.edu.cn/resources/js/template-util.js, line 15: ReferenceError: $ is not defined
JavaScript error: https://scc.pku.edu.cn/resources/js/template-util.js, line 15: ReferenceError: $ is not defined
JavaScript error: https://scc.pku.edu.cn/resources/js/template-util.js, line 15: ReferenceError: $ is not defined
JavaScript error: https://scc.pku.edu.cn/resources/js/template-util.js, line 15: ReferenceError: $ is not defined
JavaScript error: https://scc.pku.edu.cn/resources/js/template-util.js, line 15: ReferenceError: $ is not defined
JavaScript error: https://scc.pku.edu.cn/resources/js/template-util.js, line 15: ReferenceError: $ is not defined
1638584527745	Marionette	INFO	Stopped listening on port 58960

###!!! [Parent][RunMessage] Error: Channel closing: too late to send/recv, messages will be lost

1638586072726	geckodriver	INFO	Listening on 127.0.0.1:59391
1638586075811	mozrunner::runner	INFO	Running command: "C:\\Program Files\\Mozilla Firefox\\firefox.exe" "--marionette" "--remote-debugging-port" "59392" "-no-remote" "-profile" "C:\\Users\\13911\\AppData\\Local\\Temp\\rust_mozprofilegREb9D"
1638586076081	Marionette	INFO	Marionette enabled
console.warn: SearchSettings: "get: No settings file exists, new profile?" (new NotFoundError("Could not open the file at C:\\Users\\13911\\AppData\\Local\\Temp\\rust_mozprofilegREb9D\\search.json.mozlz4", (void 0)))
DevTools listening on ws://localhost:59392/devtools/browser/6a0a17d9-73fd-481f-8c0c-5d0ae3069888
1638586078057	Marionette	INFO	Listening on port 59397
1638586078470	RemoteAgent	WARN	TLS certificate errors will be ignored for this session
1638586336185	Marionette	INFO	Stopped listening on port 59397
console.warn: TopSitesFeed: Failed to fetch data from Contile server: NetworkError when attempting to fetch resource.
remote-debugging-port" "59423" "-no-remote" "-profile" "C:\\Users\\13911\\AppData\\Local\\Temp\\rust_mozprofileeKB1Rl"
1638586081790	Marionette	INFO	Marionette enabled
console.warn: SearchSettings: "get: No settings file exists, new profile?" (new NotFoundError("Could not open the file at C:\\Users\\13911\\AppData\\Local\\Temp\\rust_mozprofileeKB1Rl\\search.json.mozlz4", (void 0)))
DevTools listening on ws://localhost:59423/devtools/browser/22958930-0186-410b-b628-2feda8b1bf17
1638586083669	Marionette	INFO	Listening on port 59434
1638586083700	RemoteAgent	WARN	TLS certificate errors will be ignored for this session
1638586336186	Marionette	INFO	Stopped listening on port 59434
console.warn: TopSitesFeed: Failed to fetch data from Contile server: NetworkError when attempting to fetch resource.
remote-debugging-port" "59458" "-no-remote" "-profile" "C:\\Users\\13911\\AppData\\Local\\Temp\\rust_mozprofilenHc1y8"
1638586087064	Marionette	INFO	Marionette enabled
console.warn: SearchSettings: "get: No settings file exists, new profile?" (new NotFoundError("Could not open the file at C:\\Users\\13911\\AppData\\Local\\Temp\\rust_mozprofilenHc1y8\\search.json.mozlz4", (void 0)))
DevTools listening on ws://localhost:59458/devtools/browser/df07b10f-15cb-4461-8b26-847d3df58feb
1638586088884	Marionette	INFO	Listening on port 59472
1638586088958	RemoteAgent	WARN	TLS certificate errors will be ignored for this session
1638586206163	Marionette	INFO	Stopped listening on port 59472

###!!! [Parent][RunMessage] Error: Channel closing: too late to send/recv, messages will be lost

--marionette" "--remote-debugging-port" "59495" "-no-remote" "-profile" "C:\\Users\\13911\\AppData\\Local\\Temp\\rust_mozprofileD3DuWy"
1638586092296	Marionette	INFO	Marionette enabled
console.warn: SearchSettings: "get: No settings file exists, new profile?" (new NotFoundError("Could not open the file at C:\\Users\\13911\\AppData\\Local\\Temp\\rust_mozprofileD3DuWy\\search.json.mozlz4", (void 0)))
DevTools listening on ws://localhost:59495/devtools/browser/a83946ef-7d50-44b6-aea1-1ea26892db9a
1638586094156	Marionette	INFO	Listening on port 59517
1638586094190	RemoteAgent	WARN	TLS certificate errors will be ignored for this session
JavaScript error: https://scc.pku.edu.cn/resources/js/template-util.js, line 15: ReferenceError: $ is not defined
JavaScript error: https://scc.pku.edu.cn/resources/js/template-util.js, line 15: ReferenceError: $ is not defined
JavaScript error: https://scc.pku.edu.cn/resources/js/template-util.js, line 15: ReferenceError: $ is not defined
JavaScript error: https://scc.pku.edu.cn/resources/js/template-util.js, line 15: ReferenceError: $ is not defined
JavaScript error: https://scc.pku.edu.cn/resources/js/template-util.js, line 15: ReferenceError: $ is not defined
JavaScript error: https://scc.pku.edu.cn/resources/js/template-util.js, line 15: ReferenceError: $ is not defined
JavaScript error: https://scc.pku.edu.cn/resources/js/template-util.js, line 15: ReferenceError: $ is not defined
JavaScript error: https://scc.pku.edu.cn/resources/js/template-util.js, line 15: ReferenceError: $ is not defined
JavaScript error: https://scc.pku.edu.cn/resources/js/template-util.js, line 15: ReferenceError: $ is not defined
JavaScript error: https://scc.pku.edu.cn/resources/js/template-util.js, line 15: ReferenceError: $ is not defined
JavaScript error: https://scc.pku.edu.cn/resources/js/template-util.js, line 15: ReferenceError: $ is not defined
JavaScript error: https://scc.pku.edu.cn/resources/js/template-util.js, line 15: ReferenceError: $ is not defined
JavaScript error: https://scc.pku.edu.cn/resources/js/template-util.js, line 15: ReferenceError: $ is not defined
JavaScript error: https://scc.pku.edu.cn/resources/js/template-util.js, line 15: ReferenceError: $ is not defined
JavaScript error: https://scc.pku.edu.cn/resources/js/template-util.js, line 15: ReferenceError: $ is not defined
JavaScript error: https://scc.pku.edu.cn/resources/js/template-util.js, line 15: ReferenceError: $ is not defined
JavaScript error: https://scc.pku.edu.cn/resources/js/template-util.js, line 15: ReferenceError: $ is not defined
JavaScript error: https://scc.pku.edu.cn/resources/js/template-util.js, line 15: ReferenceError: $ is not defined
JavaScript error: https://scc.pku.edu.cn/resources/js/template-util.js, line 15: ReferenceError: $ is not defined
JavaScript error: https://scc.pku.edu.cn/resources/js/template-util.js, line 15: ReferenceError: $ is not defined
JavaScript error: https://scc.pku.edu.cn/resources/js/template-util.js, line 15: ReferenceError: $ is not defined
JavaScript error: https://scc.pku.edu.cn/resources/js/template-util.js, line 15: ReferenceError: $ is not defined
1638586266580	Marionette	INFO	Stopped listening on port 59517
console.warn: TopSitesFeed: Failed to fetch data from Contile server: NetworkError when attempting to fetch resource.
JavaScript error: chrome://remote/content/marionette/cert.js, line 55: NS_ERROR_NOT_AVAILABLE: Component returned failure code: 0x80040111 (NS_ERROR_NOT_AVAILABLE) [nsICertOverrideService.setDisableAllSecurityChecksAndLetAttackersInterceptMyData]
1638586341346	geckodriver	INFO	Listening on 127.0.0.1:59664
1638586344407	mozrunner::runner	INFO	Running command: "C:\\Program Files\\Mozilla Firefox\\firefox.exe" "--marionette" "--remote-debugging-port" "59665" "-no-remote" "-profile" "C:\\Users\\13911\\AppData\\Local\\Temp\\rust_mozprofileKP6b7l"
1638586344675	Marionette	INFO	Marionette enabled
console.warn: SearchSettings: "get: No settings file exists, new profile?" (new NotFoundError("Could not open the file at C:\\Users\\13911\\AppData\\Local\\Temp\\rust_mozprofileKP6b7l\\search.json.mozlz4", (void 0)))
DevTools listening on ws://localhost:59665/devtools/browser/d63c9c94-7a78-43d9-aa82-13c1107e3496
1638586346649	Marionette	INFO	Listening on port 59670
1638586347071	RemoteAgent	WARN	TLS certificate errors will be ignored for this session
console.log: WebExtensions: reset-default-search: starting.
console.log: WebExtensions: reset-default-search: No addons in our list are installed.
1638587096718	Marionette	INFO	Stopped listening on port 59670
console.warn: TopSitesFeed: Failed to fetch data from Contile server: NetworkError when attempting to fetch resource.
Marionette enabled
console.warn: SearchSettings: "get: No settings file exists, new profile?" (new NotFoundError("Could not open the file at C:\\Users\\13911\\AppData\\Local\\Temp\\rust_mozprofileLXf65U\\search.json.mozlz4", (void 0)))
DevTools listening on ws://localhost:59696/devtools/browser/fa45f700-04da-411a-a79a-a71e2eeac798
1638586352436	Marionette	INFO	Listening on port 59710
1638586352824	RemoteAgent	WARN	TLS certificate errors will be ignored for this session
console.log: WebExtensions: reset-default-search: starting.
console.log: WebExtensions: reset-default-search: No addons in our list are installed.
1638587096688	Marionette	INFO	Stopped listening on port 59710
console.warn: TopSitesFeed: Failed to fetch data from Contile server: NetworkError when attempting to fetch resource.
Marionette enabled
console.warn: SearchSettings: "get: No settings file exists, new profile?" (new NotFoundError("Could not open the file at C:\\Users\\13911\\AppData\\Local\\Temp\\rust_mozprofileqJ40W2\\search.json.mozlz4", (void 0)))
DevTools listening on ws://localhost:59738/devtools/browser/a4bfde8a-b60e-48b4-a8f7-aa99de4b1477
1638586358061	Marionette	INFO	Listening on port 59753
1638586358575	RemoteAgent	WARN	TLS certificate errors will be ignored for this session
1638586468834	Marionette	INFO	Stopped listening on port 59753

###!!! [Parent][RunMessage] Error: Channel closing: too late to send/recv, messages will be lost

--marionette" "--remote-debugging-port" "59785" "-no-remote" "-profile" "C:\\Users\\13911\\AppData\\Local\\Temp\\rust_mozprofile3LLsMn"
1638586361936	Marionette	INFO	Marionette enabled
console.warn: SearchSettings: "get: No settings file exists, new profile?" (new NotFoundError("Could not open the file at C:\\Users\\13911\\AppData\\Local\\Temp\\rust_mozprofile3LLsMn\\search.json.mozlz4", (void 0)))
DevTools listening on ws://localhost:59785/devtools/browser/a2d4a4ae-3b95-4cc1-a94b-6d7ba2f097bb
1638586363860	Marionette	INFO	Listening on port 59802
1638586364327	RemoteAgent	WARN	TLS certificate errors will be ignored for this session
JavaScript error: https://scc.pku.edu.cn/resources/js/template-util.js, line 15: ReferenceError: $ is not defined
JavaScript error: https://scc.pku.edu.cn/resources/js/template-util.js, line 15: ReferenceError: $ is not defined
JavaScript error: https://scc.pku.edu.cn/resources/js/template-util.js, line 15: ReferenceError: $ is not defined
JavaScript error: https://scc.pku.edu.cn/resources/js/template-util.js, line 15: ReferenceError: $ is not defined
JavaScript error: https://scc.pku.edu.cn/resources/js/template-util.js, line 15: ReferenceError: $ is not defined
JavaScript error: https://scc.pku.edu.cn/resources/js/template-util.js, line 15: ReferenceError: $ is not defined
JavaScript error: https://scc.pku.edu.cn/resources/js/template-util.js, line 15: ReferenceError: $ is not defined
JavaScript error: https://scc.pku.edu.cn/resources/js/template-util.js, line 15: ReferenceError: $ is not defined
JavaScript error: https://scc.pku.edu.cn/resources/js/template-util.js, line 15: ReferenceError: $ is not defined
JavaScript error: https://scc.pku.edu.cn/resources/js/template-util.js, line 15: ReferenceError: $ is not defined
JavaScript error: https://scc.pku.edu.cn/resources/js/template-util.js, line 15: ReferenceError: $ is not defined
JavaScript error: https://scc.pku.edu.cn/resources/js/template-util.js, line 15: ReferenceError: $ is not defined
JavaScript error: https://scc.pku.edu.cn/resources/js/template-util.js, line 15: ReferenceError: $ is not defined
JavaScript error: https://scc.pku.edu.cn/resources/js/template-util.js, line 15: ReferenceError: $ is not defined
JavaScript error: https://scc.pku.edu.cn/resources/js/template-util.js, line 15: ReferenceError: $ is not defined
JavaScript error: https://scc.pku.edu.cn/resources/js/template-util.js, line 15: ReferenceError: $ is not defined
JavaScript error: https://scc.pku.edu.cn/resources/js/template-util.js, line 15: ReferenceError: $ is not defined
JavaScript error: https://scc.pku.edu.cn/resources/js/template-util.js, line 15: ReferenceError: $ is not defined
JavaScript error: https://scc.pku.edu.cn/resources/js/template-util.js, line 15: ReferenceError: $ is not defined
console.log: WebExtensions: reset-default-search: starting.
console.log: WebExtensions: reset-default-search: No addons in our list are installed.
1638587096690	Marionette	INFO	Stopped listening on port 59802
console.warn: TopSitesFeed: Failed to fetch data from Contile server: NetworkError when attempting to fetch resource.
JavaScript error: chrome://remote/content/marionette/cert.js, line 55: NS_ERROR_NOT_AVAILABLE: Component returned failure code: 0x80040111 (NS_ERROR_NOT_AVAILABLE) [nsICertOverrideService.setDisableAllSecurityChecksAndLetAttackersInterceptMyData]
1638587101142	geckodriver	INFO	Listening on 127.0.0.1:60366
1638587104206	mozrunner::runner	INFO	Running command: "C:\\Program Files\\Mozilla Firefox\\firefox.exe" "--marionette" "--remote-debugging-port" "60367" "-no-remote" "-profile" "C:\\Users\\13911\\AppData\\Local\\Temp\\rust_mozprofile0i7L6b"
1638587104527	Marionette	INFO	Marionette enabled
console.warn: SearchSettings: "get: No settings file exists, new profile?" (new NotFoundError("Could not open the file at C:\\Users\\13911\\AppData\\Local\\Temp\\rust_mozprofile0i7L6b\\search.json.mozlz4", (void 0)))
DevTools listening on ws://localhost:60367/devtools/browser/fca906ce-dd2d-4b07-b335-c6bab4949b60
1638587106442	Marionette	INFO	Listening on port 60373
1638587106858	RemoteAgent	WARN	TLS certificate errors will be ignored for this session
1638587565560	Marionette	INFO	Stopped listening on port 60373
console.warn: TopSitesFeed: Failed to fetch data from Contile server: NetworkError when attempting to fetch resource.

###!!! [Parent][RunMessage] Error: Channel closing: too late to send/recv, messages will be lost

ozprofilehy3spy"
1638587110206	Marionette	INFO	Marionette enabled
console.warn: SearchSettings: "get: No settings file exists, new profile?" (new NotFoundError("Could not open the file at C:\\Users\\13911\\AppData\\Local\\Temp\\rust_mozprofilehy3spy\\search.json.mozlz4", (void 0)))
DevTools listening on ws://localhost:60399/devtools/browser/35a233d4-9dd8-46e3-aaf7-f31ad2088117
1638587112120	Marionette	INFO	Listening on port 60411
1638587112636	RemoteAgent	WARN	TLS certificate errors will be ignored for this session
1638587564600	Marionette	INFO	Stopped listening on port 60411
console.warn: TopSitesFeed: Failed to fetch data from Contile server: NetworkError when attempting to fetch resource.

###!!! [Parent][RunMessage] Error: Channel closing: too late to send/recv, messages will be lost

ozprofile08dIO1"
1638587116017	Marionette	INFO	Marionette enabled
console.warn: SearchSettings: "get: No settings file exists, new profile?" (new NotFoundError("Could not open the file at C:\\Users\\13911\\AppData\\Local\\Temp\\rust_mozprofile08dIO1\\search.json.mozlz4", (void 0)))
DevTools listening on ws://localhost:60439/devtools/browser/ff63800e-febf-41ef-8037-bfe4d922773d
1638587117978	Marionette	INFO	Listening on port 60451
1638587118401	RemoteAgent	WARN	TLS certificate errors will be ignored for this session
1638587229698	Marionette	INFO	Stopped listening on port 60451

###!!! [Parent][RunMessage] Error: Channel closing: too late to send/recv, messages will be lost

--marionette" "--remote-debugging-port" "60484" "-no-remote" "-profile" "C:\\Users\\13911\\AppData\\Local\\Temp\\rust_mozprofileQbasLL"
1638587121765	Marionette	INFO	Marionette enabled
console.warn: SearchSettings: "get: No settings file exists, new profile?" (new NotFoundError("Could not open the file at C:\\Users\\13911\\AppData\\Local\\Temp\\rust_mozprofileQbasLL\\search.json.mozlz4", (void 0)))
DevTools listening on ws://localhost:60484/devtools/browser/ffca70cf-0680-431b-a7bd-d31fdca1a4e2
1638587123691	Marionette	INFO	Listening on port 60503
1638587124137	RemoteAgent	WARN	TLS certificate errors will be ignored for this session
JavaScript error: https://scc.pku.edu.cn/resources/js/template-util.js, line 15: ReferenceError: $ is not defined
JavaScript error: https://scc.pku.edu.cn/resources/js/template-util.js, line 15: ReferenceError: $ is not defined
JavaScript error: https://scc.pku.edu.cn/resources/js/template-util.js, line 15: ReferenceError: $ is not defined
JavaScript error: https://scc.pku.edu.cn/resources/js/template-util.js, line 15: ReferenceError: $ is not defined
JavaScript error: https://scc.pku.edu.cn/resources/js/template-util.js, line 15: ReferenceError: $ is not defined
JavaScript error: https://scc.pku.edu.cn/resources/js/template-util.js, line 15: ReferenceError: $ is not defined
JavaScript error: https://scc.pku.edu.cn/resources/js/template-util.js, line 15: ReferenceError: $ is not defined
JavaScript error: https://scc.pku.edu.cn/resources/js/template-util.js, line 15: ReferenceError: $ is not defined
JavaScript error: https://scc.pku.edu.cn/resources/js/template-util.js, line 15: ReferenceError: $ is not defined
JavaScript error: https://scc.pku.edu.cn/resources/js/template-util.js, line 15: ReferenceError: $ is not defined
JavaScript error: https://scc.pku.edu.cn/resources/js/template-util.js, line 15: ReferenceError: $ is not defined
JavaScript error: https://scc.pku.edu.cn/resources/js/template-util.js, line 15: ReferenceError: $ is not defined
JavaScript error: https://scc.pku.edu.cn/resources/js/template-util.js, line 15: ReferenceError: $ is not defined
JavaScript error: https://scc.pku.edu.cn/resources/js/template-util.js, line 15: ReferenceError: $ is not defined
JavaScript error: https://scc.pku.edu.cn/resources/js/template-util.js, line 15: ReferenceError: $ is not defined
JavaScript error: https://scc.pku.edu.cn/resources/js/template-util.js, line 15: ReferenceError: $ is not defined
JavaScript error: https://scc.pku.edu.cn/resources/js/template-util.js, line 15: ReferenceError: $ is not defined
JavaScript error: https://scc.pku.edu.cn/resources/js/template-util.js, line 15: ReferenceError: $ is not defined
JavaScript error: https://scc.pku.edu.cn/resources/js/template-util.js, line 15: ReferenceError: $ is not defined
1638587230345	Marionette	INFO	Stopped listening on port 60503

###!!! [Parent][RunMessage] Error: Channel closing: too late to send/recv, messages will be lost

1638800532125	geckodriver	INFO	Listening on 127.0.0.1:59141
1638800535187	mozrunner::runner	INFO	Running command: "C:\\Program Files\\Mozilla Firefox\\firefox.exe" "--marionette" "--remote-debugging-port" "59142" "-no-remote" "-profile" "C:\\Users\\13911\\AppData\\Local\\Temp\\rust_mozprofileqSHSrl"
1638800535709	Marionette	INFO	Marionette enabled
console.warn: SearchSettings: "get: No settings file exists, new profile?" (new NotFoundError("Could not open the file at C:\\Users\\13911\\AppData\\Local\\Temp\\rust_mozprofileqSHSrl\\search.json.mozlz4", (void 0)))
DevTools listening on ws://localhost:59142/devtools/browser/e1553d07-48a7-4b32-8c4c-99ff6a0caeae
1638800537808	Marionette	INFO	Listening on port 59147
1638800537876	RemoteAgent	WARN	TLS certificate errors will be ignored for this session
1638800797996	Marionette	INFO	Stopped listening on port 59147
console.warn: TopSitesFeed: Failed to fetch data from Contile server: NetworkError when attempting to fetch resource.
remote-debugging-port" "59168" "-no-remote" "-profile" "C:\\Users\\13911\\AppData\\Local\\Temp\\rust_mozprofile83yHU8"
1638800541232	Marionette	INFO	Marionette enabled
console.warn: SearchSettings: "get: No settings file exists, new profile?" (new NotFoundError("Could not open the file at C:\\Users\\13911\\AppData\\Local\\Temp\\rust_mozprofile83yHU8\\search.json.mozlz4", (void 0)))
DevTools listening on ws://localhost:59168/devtools/browser/0170f92d-c989-4ff4-81b0-412b5346e9a6
1638800543245	Marionette	INFO	Listening on port 59183
1638800543619	RemoteAgent	WARN	TLS certificate errors will be ignored for this session
console.error: Region.jsm: "Error fetching region" (new Error("TIMEOUT", "resource://gre/modules/Region.jsm", 772))
console.error: Region.jsm: "Failed to fetch region" (new Error("TIMEOUT", "resource://gre/modules/Region.jsm", 419))
1638800796878	Marionette	INFO	Stopped listening on port 59183
console.warn: TopSitesFeed: Failed to fetch data from Contile server: NetworkError when attempting to fetch resource.
rofile?" (new NotFoundError("Could not open the file at C:\\Users\\13911\\AppData\\Local\\Temp\\rust_mozprofile87b6YC\\search.json.mozlz4", (void 0)))
DevTools listening on ws://localhost:59210/devtools/browser/41eece82-4789-4cd9-8488-329c03867f24
1638800549146	Marionette	INFO	Listening on port 59222
1638800549380	RemoteAgent	WARN	TLS certificate errors will be ignored for this session
1638800796095	Marionette	INFO	Stopped listening on port 59222
console.warn: TopSitesFeed: Failed to fetch data from Contile server: NetworkError when attempting to fetch resource.

###!!! [Parent][RunMessage] Error: Channel closing: too late to send/recv, messages will be lost

ozprofile2qVkVJ"
1638800552719	Marionette	INFO	Marionette enabled
console.warn: SearchSettings: "get: No settings file exists, new profile?" (new NotFoundError("Could not open the file at C:\\Users\\13911\\AppData\\Local\\Temp\\rust_mozprofile2qVkVJ\\search.json.mozlz4", (void 0)))
DevTools listening on ws://localhost:59251/devtools/browser/2599d849-e4ca-462d-8d95-f0cf26ec9043
1638800554847	Marionette	INFO	Listening on port 59265
1638800555136	RemoteAgent	WARN	TLS certificate errors will be ignored for this session
JavaScript error: https://scc.pku.edu.cn/resources/js/template-util.js, line 15: ReferenceError: $ is not defined
JavaScript error: https://scc.pku.edu.cn/resources/js/template-util.js, line 15: ReferenceError: $ is not defined
JavaScript error: https://scc.pku.edu.cn/resources/js/template-util.js, line 15: ReferenceError: $ is not defined
JavaScript error: https://scc.pku.edu.cn/resources/js/template-util.js, line 15: ReferenceError: $ is not defined
JavaScript error: https://scc.pku.edu.cn/resources/js/template-util.js, line 15: ReferenceError: $ is not defined
JavaScript error: https://scc.pku.edu.cn/resources/js/template-util.js, line 15: ReferenceError: $ is not defined
JavaScript error: https://scc.pku.edu.cn/resources/js/template-util.js, line 15: ReferenceError: $ is not defined
JavaScript error: https://scc.pku.edu.cn/resources/js/template-util.js, line 15: ReferenceError: $ is not defined
JavaScript error: https://scc.pku.edu.cn/resources/js/template-util.js, line 15: ReferenceError: $ is not defined
JavaScript error: https://scc.pku.edu.cn/resources/js/template-util.js, line 15: ReferenceError: $ is not defined
JavaScript error: https://scc.pku.edu.cn/resources/js/template-util.js, line 15: ReferenceError: $ is not defined
JavaScript error: https://scc.pku.edu.cn/resources/js/template-util.js, line 15: ReferenceError: $ is not defined
JavaScript error: https://scc.pku.edu.cn/resources/js/template-util.js, line 15: ReferenceError: $ is not defined
JavaScript error: https://scc.pku.edu.cn/resources/js/template-util.js, line 15: ReferenceError: $ is not defined
JavaScript error: https://scc.pku.edu.cn/resources/js/template-util.js, line 15: ReferenceError: $ is not defined
JavaScript error: https://scc.pku.edu.cn/resources/js/template-util.js, line 15: ReferenceError: $ is not defined
JavaScript error: https://scc.pku.edu.cn/resources/js/template-util.js, line 15: ReferenceError: $ is not defined
1638800795140	Marionette	INFO	Stopped listening on port 59265
console.warn: TopSitesFeed: Failed to fetch data from Contile server: NetworkError when attempting to fetch resource.
1638800803384	geckodriver	INFO	Listening on 127.0.0.1:59442
1638800806446	mozrunner::runner	INFO	Running command: "C:\\Program Files\\Mozilla Firefox\\firefox.exe" "--marionette" "--remote-debugging-port" "59443" "-no-remote" "-profile" "C:\\Users\\13911\\AppData\\Local\\Temp\\rust_mozprofileLRD7mp"
1638800806704	Marionette	INFO	Marionette enabled
console.warn: SearchSettings: "get: No settings file exists, new profile?" (new NotFoundError("Could not open the file at C:\\Users\\13911\\AppData\\Local\\Temp\\rust_mozprofileLRD7mp\\search.json.mozlz4", (void 0)))
DevTools listening on ws://localhost:59443/devtools/browser/176ee02f-413b-4775-96d7-71d14fafa656
1638800808598	Marionette	INFO	Listening on port 59448
1638800809118	RemoteAgent	WARN	TLS certificate errors will be ignored for this session
console.error: services.settings: 
  Message: TypeError: NetworkError: Network request failed
  Stack:
    fetch/</request.onerror@resource://services-settings/Utils.jsm:117:16

console.log: WebExtensions: reset-default-search: starting.
console.log: WebExtensions: reset-default-search: No addons in our list are installed.
1638801749713	Marionette	INFO	Stopped listening on port 59448
console.warn: TopSitesFeed: Failed to fetch data from Contile server: NetworkError when attempting to fetch resource.
ust_mozprofilezqHkXu\\search.json.mozlz4", (void 0)))
DevTools listening on ws://localhost:59479/devtools/browser/cf74b13b-72fa-40df-8e3a-9c49faf2c445
1638800814290	Marionette	INFO	Listening on port 59487
1638800814339	RemoteAgent	WARN	TLS certificate errors will be ignored for this session
console.error: services.settings: 
  Message: TypeError: NetworkError: Network request failed
  Stack:
    fetch/</request.onerror@resource://services-settings/Utils.jsm:117:16

console.log: WebExtensions: reset-default-search: starting.
console.log: WebExtensions: reset-default-search: No addons in our list are installed.
1638801748527	Marionette	INFO	Stopped listening on port 59487
console.warn: TopSitesFeed: Failed to fetch data from Contile server: NetworkError when attempting to fetch resource.
ust_mozprofileIQJOxo\\search.json.mozlz4", (void 0)))
DevTools listening on ws://localhost:59513/devtools/browser/531df60b-502c-4d0a-9746-c8f9f27b2df8
1638800819596	Marionette	INFO	Listening on port 59532
1638800820098	RemoteAgent	WARN	TLS certificate errors will be ignored for this session
1638801292479	Marionette	INFO	Stopped listening on port 59532

###!!! [Parent][RunMessage] Error: Channel closing: too late to send/recv, messages will be lost

--marionette" "--remote-debugging-port" "59560" "-no-remote" "-profile" "C:\\Users\\13911\\AppData\\Local\\Temp\\rust_mozprofileV5z4c0"
1638800823534	Marionette	INFO	Marionette enabled
console.warn: SearchSettings: "get: No settings file exists, new profile?" (new NotFoundError("Could not open the file at C:\\Users\\13911\\AppData\\Local\\Temp\\rust_mozprofileV5z4c0\\search.json.mozlz4", (void 0)))
DevTools listening on ws://localhost:59560/devtools/browser/312997b9-3fd2-48f7-a9ad-dad2b98c45d0
1638800825408	Marionette	INFO	Listening on port 59570
1638800825838	RemoteAgent	WARN	TLS certificate errors will be ignored for this session
console.error: Region.jsm: "Error fetching region" (new Error("TIMEOUT", "resource://gre/modules/Region.jsm", 772))
console.error: Region.jsm: "Failed to fetch region" (new Error("TIMEOUT", "resource://gre/modules/Region.jsm", 419))
JavaScript error: https://scc.pku.edu.cn/resources/js/template-util.js, line 15: ReferenceError: $ is not defined
JavaScript error: https://scc.pku.edu.cn/resources/js/template-util.js, line 15: ReferenceError: $ is not defined
JavaScript error: https://scc.pku.edu.cn/resources/js/template-util.js, line 15: ReferenceError: $ is not defined
JavaScript error: https://scc.pku.edu.cn/resources/js/template-util.js, line 15: ReferenceError: $ is not defined
JavaScript error: https://scc.pku.edu.cn/resources/js/template-util.js, line 15: ReferenceError: $ is not defined
JavaScript error: https://scc.pku.edu.cn/resources/js/template-util.js, line 15: ReferenceError: $ is not defined
JavaScript error: https://scc.pku.edu.cn/resources/js/template-util.js, line 15: ReferenceError: $ is not defined
JavaScript error: https://scc.pku.edu.cn/resources/js/template-util.js, line 15: ReferenceError: $ is not defined
JavaScript error: https://scc.pku.edu.cn/resources/js/template-util.js, line 15: ReferenceError: $ is not defined
JavaScript error: https://scc.pku.edu.cn/resources/js/template-util.js, line 15: ReferenceError: $ is not defined
JavaScript error: https://scc.pku.edu.cn/resources/js/template-util.js, line 15: ReferenceError: $ is not defined
JavaScript error: https://scc.pku.edu.cn/resources/js/template-util.js, line 15: ReferenceError: $ is not defined
JavaScript error: https://scc.pku.edu.cn/resources/js/template-util.js, line 15: ReferenceError: $ is not defined
JavaScript error: https://scc.pku.edu.cn/resources/js/template-util.js, line 15: ReferenceError: $ is not defined
JavaScript error: https://scc.pku.edu.cn/resources/js/template-util.js, line 15: ReferenceError: $ is not defined
JavaScript error: https://scc.pku.edu.cn/resources/js/template-util.js, line 15: ReferenceError: $ is not defined
JavaScript error: https://scc.pku.edu.cn/resources/js/template-util.js, line 15: ReferenceError: $ is not defined
JavaScript error: https://scc.pku.edu.cn/resources/js/template-util.js, line 15: ReferenceError: $ is not defined
JavaScript error: https://scc.pku.edu.cn/resources/js/template-util.js, line 15: ReferenceError: $ is not defined
JavaScript error: https://scc.pku.edu.cn/resources/js/template-util.js, line 15: ReferenceError: $ is not defined
JavaScript error: https://scc.pku.edu.cn/resources/js/template-util.js, line 15: ReferenceError: $ is not defined
JavaScript error: https://scc.pku.edu.cn/resources/js/template-util.js, line 15: ReferenceError: $ is not defined
JavaScript error: https://scc.pku.edu.cn/resources/js/template-util.js, line 15: ReferenceError: $ is not defined
JavaScript error: https://scc.pku.edu.cn/resources/js/template-util.js, line 15: ReferenceError: $ is not defined
JavaScript error: https://scc.pku.edu.cn/resources/js/template-util.js, line 15: ReferenceError: $ is not defined
JavaScript error: https://scc.pku.edu.cn/resources/js/template-util.js, line 15: ReferenceError: $ is not defined
JavaScript error: https://scc.pku.edu.cn/resources/js/template-util.js, line 15: ReferenceError: $ is not defined
JavaScript error: https://scc.pku.edu.cn/resources/js/template-util.js, line 15: ReferenceError: $ is not defined
JavaScript error: https://scc.pku.edu.cn/resources/js/template-util.js, line 15: ReferenceError: $ is not defined
JavaScript error: https://scc.pku.edu.cn/resources/js/template-util.js, line 15: ReferenceError: $ is not defined
JavaScript error: https://scc.pku.edu.cn/resources/js/template-util.js, line 15: ReferenceError: $ is not defined
JavaScript error: https://scc.pku.edu.cn/resources/js/template-util.js, line 15: ReferenceError: $ is not defined
JavaScript error: https://scc.pku.edu.cn/resources/js/template-util.js, line 15: ReferenceError: $ is not defined
JavaScript error: https://scc.pku.edu.cn/resources/js/template-util.js, line 15: ReferenceError: $ is not defined
JavaScript error: https://scc.pku.edu.cn/resources/js/template-util.js, line 15: ReferenceError: $ is not defined
JavaScript error: https://scc.pku.edu.cn/resources/js/template-util.js, line 15: ReferenceError: $ is not defined
1638801293276	Marionette	INFO	Stopped listening on port 59570
[Parent 9292, IPC I/O Parent] WARNING: file /builds/worker/checkouts/gecko/ipc/chromium/src/base/process_util_win.cc:167
1638801828764	geckodriver	INFO	Listening on 127.0.0.1:59909
1638801831832	mozrunner::runner	INFO	Running command: "C:\\Program Files\\Mozilla Firefox\\firefox.exe" "--marionette" "--remote-debugging-port" "59910" "-no-remote" "-profile" "C:\\Users\\13911\\AppData\\Local\\Temp\\rust_mozprofilezxsihF"
1638801832085	Marionette	INFO	Marionette enabled
console.warn: SearchSettings: "get: No settings file exists, new profile?" (new NotFoundError("Could not open the file at C:\\Users\\13911\\AppData\\Local\\Temp\\rust_mozprofilezxsihF\\search.json.mozlz4", (void 0)))
DevTools listening on ws://localhost:59910/devtools/browser/9bbb0305-a7dc-4cdf-a776-298ebff892ed
1638801833894	Marionette	INFO	Listening on port 59915
1638801833992	RemoteAgent	WARN	TLS certificate errors will be ignored for this session
1638802102673	Marionette	INFO	Stopped listening on port 59915
console.warn: TopSitesFeed: Failed to fetch data from Contile server: NetworkError when attempting to fetch resource.

###!!! [Parent][RunMessage] Error: Channel closing: too late to send/recv, messages will be lost

ozprofilewZj0PM"
1638801837326	Marionette	INFO	Marionette enabled
console.warn: SearchSettings: "get: No settings file exists, new profile?" (new NotFoundError("Could not open the file at C:\\Users\\13911\\AppData\\Local\\Temp\\rust_mozprofilewZj0PM\\search.json.mozlz4", (void 0)))
DevTools listening on ws://localhost:59934/devtools/browser/fdbfff12-9fc3-4961-a615-acf3649771e9
1638801839346	Marionette	INFO	Listening on port 59949
1638801839759	RemoteAgent	WARN	TLS certificate errors will be ignored for this session
1638802101339	Marionette	INFO	Stopped listening on port 59949
console.warn: TopSitesFeed: Failed to fetch data from Contile server: NetworkError when attempting to fetch resource.
remote-debugging-port" "59980" "-no-remote" "-profile" "C:\\Users\\13911\\AppData\\Local\\Temp\\rust_mozprofileCk7Ets"
1638801843094	Marionette	INFO	Marionette enabled
console.warn: SearchSettings: "get: No settings file exists, new profile?" (new NotFoundError("Could not open the file at C:\\Users\\13911\\AppData\\Local\\Temp\\rust_mozprofileCk7Ets\\search.json.mozlz4", (void 0)))
DevTools listening on ws://localhost:59980/devtools/browser/b0dcd19b-79d6-44a3-ba9a-de30c475c09a
1638801844941	Marionette	INFO	Listening on port 59992
1638801845009	RemoteAgent	WARN	TLS certificate errors will be ignored for this session
1638802076571	Marionette	INFO	Stopped listening on port 59992
8801848072	mozrunner::runner	INFO	Running command: "C:\\Program Files\\Mozilla Firefox\\firefox.exe" "--marionette" "--remote-debugging-port" "60020" "-no-remote" "-profile" "C:\\Users\\13911\\AppData\\Local\\Temp\\rust_mozprofile4oBCVj"
1638801848317	Marionette	INFO	Marionette enabled
console.warn: SearchSettings: "get: No settings file exists, new profile?" (new NotFoundError("Could not open the file at C:\\Users\\13911\\AppData\\Local\\Temp\\rust_mozprofile4oBCVj\\search.json.mozlz4", (void 0)))
DevTools listening on ws://localhost:60020/devtools/browser/19926093-a617-4d54-b1a0-4178efd264c9
1638801850322	Marionette	INFO	Listening on port 60033
1638801850737	RemoteAgent	WARN	TLS certificate errors will be ignored for this session
JavaScript error: https://scc.pku.edu.cn/resources/js/template-util.js, line 15: ReferenceError: $ is not defined
console.error: Region.jsm: "Error fetching region" (new Error("TIMEOUT", "resource://gre/modules/Region.jsm", 772))
console.error: Region.jsm: "Failed to fetch region" (new Error("TIMEOUT", "resource://gre/modules/Region.jsm", 419))
JavaScript error: https://scc.pku.edu.cn/resources/js/template-util.js, line 15: ReferenceError: $ is not defined
JavaScript error: https://scc.pku.edu.cn/resources/js/template-util.js, line 15: ReferenceError: $ is not defined
JavaScript error: https://scc.pku.edu.cn/resources/js/template-util.js, line 15: ReferenceError: $ is not defined
JavaScript error: https://scc.pku.edu.cn/resources/js/template-util.js, line 15: ReferenceError: $ is not defined
JavaScript error: https://scc.pku.edu.cn/resources/js/template-util.js, line 15: ReferenceError: $ is not defined
JavaScript error: https://scc.pku.edu.cn/resources/js/template-util.js, line 15: ReferenceError: $ is not defined
JavaScript error: https://scc.pku.edu.cn/resources/js/template-util.js, line 15: ReferenceError: $ is not defined
JavaScript error: https://scc.pku.edu.cn/resources/js/template-util.js, line 15: ReferenceError: $ is not defined
JavaScript error: https://scc.pku.edu.cn/resources/js/template-util.js, line 15: ReferenceError: $ is not defined
JavaScript error: https://scc.pku.edu.cn/resources/js/template-util.js, line 15: ReferenceError: $ is not defined
JavaScript error: https://scc.pku.edu.cn/resources/js/template-util.js, line 15: ReferenceError: $ is not defined
JavaScript error: https://scc.pku.edu.cn/resources/js/template-util.js, line 15: ReferenceError: $ is not defined
JavaScript error: https://scc.pku.edu.cn/resources/js/template-util.js, line 15: ReferenceError: $ is not defined
JavaScript error: https://scc.pku.edu.cn/resources/js/template-util.js, line 15: ReferenceError: $ is not defined
JavaScript error: https://scc.pku.edu.cn/resources/js/template-util.js, line 15: ReferenceError: $ is not defined
JavaScript error: https://scc.pku.edu.cn/resources/js/template-util.js, line 15: ReferenceError: $ is not defined
JavaScript error: https://scc.pku.edu.cn/resources/js/template-util.js, line 15: ReferenceError: $ is not defined
JavaScript error: https://scc.pku.edu.cn/resources/js/template-util.js, line 15: ReferenceError: $ is not defined
JavaScript error: https://scc.pku.edu.cn/resources/js/template-util.js, line 15: ReferenceError: $ is not defined
JavaScript error: https://scc.pku.edu.cn/resources/js/template-util.js, line 15: ReferenceError: $ is not defined
JavaScript error: https://scc.pku.edu.cn/resources/js/template-util.js, line 15: ReferenceError: $ is not defined
JavaScript error: https://scc.pku.edu.cn/resources/js/template-util.js, line 15: ReferenceError: $ is not defined
JavaScript error: https://scc.pku.edu.cn/resources/js/template-util.js, line 15: ReferenceError: $ is not defined
JavaScript error: https://scc.pku.edu.cn/resources/js/template-util.js, line 15: ReferenceError: $ is not defined
JavaScript error: https://scc.pku.edu.cn/resources/js/template-util.js, line 15: ReferenceError: $ is not defined
JavaScript error: https://scc.pku.edu.cn/resources/js/template-util.js, line 15: ReferenceError: $ is not defined
JavaScript error: https://scc.pku.edu.cn/resources/js/template-util.js, line 15: ReferenceError: $ is not defined
JavaScript error: https://scc.pku.edu.cn/resources/js/template-util.js, line 15: ReferenceError: $ is not defined
JavaScript error: https://scc.pku.edu.cn/resources/js/template-util.js, line 15: ReferenceError: $ is not defined
JavaScript error: https://scc.pku.edu.cn/resources/js/template-util.js, line 15: ReferenceError: $ is not defined
JavaScript error: https://scc.pku.edu.cn/resources/js/template-util.js, line 15: ReferenceError: $ is not defined
JavaScript error: https://scc.pku.edu.cn/resources/js/template-util.js, line 15: ReferenceError: $ is not defined
JavaScript error: https://scc.pku.edu.cn/resources/js/template-util.js, line 15: ReferenceError: $ is not defined
JavaScript error: https://scc.pku.edu.cn/resources/js/template-util.js, line 15: ReferenceError: $ is not defined
JavaScript error: https://scc.pku.edu.cn/resources/js/template-util.js, line 15: ReferenceError: $ is not defined
1638802076994	Marionette	INFO	Stopped listening on port 60033
1638839864000	geckodriver	INFO	Listening on 127.0.0.1:62787
1638839867043	mozrunner::runner	INFO	Running command: "C:\\Program Files\\Mozilla Firefox\\firefox.exe" "--marionette" "--remote-debugging-port" "62788" "-no-remote" "-profile" "C:\\Users\\13911\\AppData\\Local\\Temp\\rust_mozprofileffoUP6"
1638839867333	Marionette	INFO	Marionette enabled
console.warn: SearchSettings: "get: No settings file exists, new profile?" (new NotFoundError("Could not open the file at C:\\Users\\13911\\AppData\\Local\\Temp\\rust_mozprofileffoUP6\\search.json.mozlz4", (void 0)))
DevTools listening on ws://localhost:62788/devtools/browser/7704f0a2-6877-412c-93a0-541be57bc499
1638839869186	Marionette	INFO	Listening on port 62793
1638839869701	RemoteAgent	WARN	TLS certificate errors will be ignored for this session
console.log: WebExtensions: reset-default-search: starting.
console.log: WebExtensions: reset-default-search: No addons in our list are installed.
1638843766369	Marionette	INFO	Stopped listening on port 62793
console.warn: TopSitesFeed: Failed to fetch data from Contile server: NetworkError when attempting to fetch resource.
Marionette enabled
console.warn: SearchSettings: "get: No settings file exists, new profile?" (new NotFoundError("Could not open the file at C:\\Users\\13911\\AppData\\Local\\Temp\\rust_mozprofileYXY13Z\\search.json.mozlz4", (void 0)))
DevTools listening on ws://localhost:62821/devtools/browser/9b7bc0e2-d54e-4bf6-95d2-a1110692c809
1638839874806	Marionette	INFO	Listening on port 62835
1638839874888	RemoteAgent	WARN	TLS certificate errors will be ignored for this session
console.log: WebExtensions: reset-default-search: starting.
console.log: WebExtensions: reset-default-search: No addons in our list are installed.
1638843765227	Marionette	INFO	Stopped listening on port 62835
console.warn: TopSitesFeed: Failed to fetch data from Contile server: NetworkError when attempting to fetch resource.
Marionette enabled
console.warn: SearchSettings: "get: No settings file exists, new profile?" (new NotFoundError("Could not open the file at C:\\Users\\13911\\AppData\\Local\\Temp\\rust_mozprofileYmpZIi\\search.json.mozlz4", (void 0)))
DevTools listening on ws://localhost:62869/devtools/browser/4130a886-3a51-4e51-b1fd-199a356cc369
1638839880126	Marionette	INFO	Listening on port 62888
1638839880600	RemoteAgent	WARN	TLS certificate errors will be ignored for this session
1638840229702	Marionette	INFO	Stopped listening on port 62888
[Parent 11648, IPC I/O Parent] WARNING: file /builds/worker/checkouts/gecko/ipc/chromium/src/base/process_util_win.cc:167
te-debugging-port" "62925" "-no-remote" "-profile" "C:\\Users\\13911\\AppData\\Local\\Temp\\rust_mozprofileSYgEVS"
1638839883930	Marionette	INFO	Marionette enabled
console.warn: SearchSettings: "get: No settings file exists, new profile?" (new NotFoundError("Could not open the file at C:\\Users\\13911\\AppData\\Local\\Temp\\rust_mozprofileSYgEVS\\search.json.mozlz4", (void 0)))
DevTools listening on ws://localhost:62925/devtools/browser/0494a4c7-edc2-4a59-85e8-3818b9e8eeb8
1638839885703	Marionette	INFO	Listening on port 62938
1638839885831	RemoteAgent	WARN	TLS certificate errors will be ignored for this session
JavaScript error: https://scc.pku.edu.cn/resources/js/template-util.js, line 15: ReferenceError: $ is not defined
JavaScript error: https://scc.pku.edu.cn/resources/js/template-util.js, line 15: ReferenceError: $ is not defined
JavaScript error: https://scc.pku.edu.cn/resources/js/template-util.js, line 15: ReferenceError: $ is not defined
JavaScript error: https://scc.pku.edu.cn/resources/js/template-util.js, line 15: ReferenceError: $ is not defined
JavaScript error: https://scc.pku.edu.cn/resources/js/template-util.js, line 15: ReferenceError: $ is not defined
JavaScript error: https://scc.pku.edu.cn/resources/js/template-util.js, line 15: ReferenceError: $ is not defined
JavaScript error: https://scc.pku.edu.cn/resources/js/template-util.js, line 15: ReferenceError: $ is not defined
JavaScript error: https://scc.pku.edu.cn/resources/js/template-util.js, line 15: ReferenceError: $ is not defined
JavaScript error: https://scc.pku.edu.cn/resources/js/template-util.js, line 15: ReferenceError: $ is not defined
JavaScript error: https://scc.pku.edu.cn/resources/js/template-util.js, line 15: ReferenceError: $ is not defined
JavaScript error: https://scc.pku.edu.cn/resources/js/template-util.js, line 15: ReferenceError: $ is not defined
JavaScript error: https://scc.pku.edu.cn/resources/js/template-util.js, line 15: ReferenceError: $ is not defined
JavaScript error: https://scc.pku.edu.cn/resources/js/template-util.js, line 15: ReferenceError: $ is not defined
JavaScript error: https://scc.pku.edu.cn/resources/js/template-util.js, line 15: ReferenceError: $ is not defined
JavaScript error: https://scc.pku.edu.cn/resources/js/template-util.js, line 15: ReferenceError: $ is not defined
JavaScript error: https://scc.pku.edu.cn/resources/js/template-util.js, line 15: ReferenceError: $ is not defined
JavaScript error: https://scc.pku.edu.cn/resources/js/template-util.js, line 15: ReferenceError: $ is not defined
JavaScript error: https://scc.pku.edu.cn/resources/js/template-util.js, line 15: ReferenceError: $ is not defined
JavaScript error: https://scc.pku.edu.cn/resources/js/template-util.js, line 15: ReferenceError: $ is not defined
JavaScript error: https://scc.pku.edu.cn/resources/js/template-util.js, line 15: ReferenceError: $ is not defined
JavaScript error: https://scc.pku.edu.cn/resources/js/template-util.js, line 15: ReferenceError: $ is not defined
JavaScript error: https://scc.pku.edu.cn/resources/js/template-util.js, line 15: ReferenceError: $ is not defined
JavaScript error: https://scc.pku.edu.cn/resources/js/template-util.js, line 15: ReferenceError: $ is not defined
JavaScript error: https://scc.pku.edu.cn/resources/js/template-util.js, line 15: ReferenceError: $ is not defined
JavaScript error: https://scc.pku.edu.cn/resources/js/template-util.js, line 15: ReferenceError: $ is not defined
JavaScript error: https://scc.pku.edu.cn/resources/js/template-util.js, line 15: ReferenceError: $ is not defined
JavaScript error: https://scc.pku.edu.cn/resources/js/template-util.js, line 15: ReferenceError: $ is not defined
JavaScript error: https://scc.pku.edu.cn/resources/js/template-util.js, line 15: ReferenceError: $ is not defined
JavaScript error: https://scc.pku.edu.cn/resources/js/template-util.js, line 15: ReferenceError: $ is not defined
JavaScript error: https://scc.pku.edu.cn/resources/js/template-util.js, line 15: ReferenceError: $ is not defined
JavaScript error: https://scc.pku.edu.cn/resources/js/template-util.js, line 15: ReferenceError: $ is not defined
JavaScript error: https://scc.pku.edu.cn/resources/js/template-util.js, line 15: ReferenceError: $ is not defined
JavaScript error: https://scc.pku.edu.cn/resources/js/template-util.js, line 15: ReferenceError: $ is not defined
JavaScript error: https://scc.pku.edu.cn/resources/js/template-util.js, line 15: ReferenceError: $ is not defined
JavaScript error: https://scc.pku.edu.cn/resources/js/template-util.js, line 15: ReferenceError: $ is not defined
JavaScript error: https://scc.pku.edu.cn/resources/js/template-util.js, line 15: ReferenceError: $ is not defined
1638840230199	Marionette	INFO	Stopped listening on port 62938
